#
# A fatal error has been detected by the Java Runtime Environment:
#
#  EXCEPTION_ACCESS_VIOLATION (0xc0000005) at pc=0x00007ff8ac468666, pid=5824, tid=9544
#
# JRE version: OpenJDK Runtime Environment Temurin-11.0.18+10 (11.0.18+10) (build 11.0.18+10)
# Java VM: OpenJDK 64-Bit Server VM Temurin-11.0.18+10 (11.0.18+10, mixed mode, tiered, compressed oops, g1 gc, windows-amd64)
# Problematic frame:
# V  [jvm.dll+0x1a8666]
#
# No core dump will be written. Minidumps are not enabled by default on client versions of Windows
#
# If you would like to submit a bug report, please visit:
#   https://github.com/adoptium/adoptium-support/issues
#

---------------  S U M M A R Y ------------

Command Line: -Xbootclasspath/a: -Xms256m -Xmx1024m -XX:+HeapDumpOnOutOfMemoryError -Dcom.sun.management.jmxremote -Dballerina.home=C:\PROGRA~1\BALLER~1\DISTRI~1\BALLER~1.2\bin\.. -Dballerina.target=jvm -Djava.command=C:\PROGRA~1\BALLER~1\DISTRI~1\BALLER~1.2\bin\..\..\..\dependencies\jdk-11.0.18+10-jre\bin\java -Djava.opts= -Denable.nonblocking=false -Dfile.encoding=UTF8 -Dballerina.version=2201.7.2 io.ballerina.cli.launcher.Main start-language-server

Host: Intel(R) Core(TM) i3-10110U CPU @ 2.10GHz, 4 cores, 7G,  Windows 11 , 64 bit Build 22621 (10.0.22621.2428)
Time: Wed Oct 25 20:12:46 2023 Namibia Standard Time elapsed time: 11.805295 seconds (0d 0h 0m 11s)

---------------  T H R E A D  ---------------

Current thread (0x00000236ef5b8000):  GCTaskThread "GC Thread#2" [stack: 0x000000772e200000,0x000000772e300000] [id=9544]

Stack: [0x000000772e200000,0x000000772e300000],  sp=0x000000772e2ff698,  free space=1021k
Native frames: (J=compiled Java code, j=interpreted, Vv=VM code, C=native code)
V  [jvm.dll+0x1a8666]


siginfo: EXCEPTION_ACCESS_VIOLATION (0xc0000005), reading address 0x0000000000000008


Register to memory mapping:

RIP=0x00007ff8ac468666 jvm.dll
RAX=0x0000000000000001 is an unknown value
RBX=0x00000000c5b1128c is pointing into object: org.wso2.ballerinalang.compiler.semantics.model.types.BObjectType 
{0x00000000c5b11268} - klass: 'org/wso2/ballerinalang/compiler/semantics/model/types/BObjectType'
 - ---- fields (total size 8 words):
 - public 'tag' 'I' @12  34 (22)
 - public 'flags' 'J' @16  0 (0 0)
 - public 'tsymbol' 'Lorg/wso2/ballerinalang/compiler/semantics/model/symbols/BTypeSymbol;' @24  a 'org/wso2/ballerinalang/compiler/semantics/model/symbols/BClassSymbol'{0x00000000c5b111e0} (c5b111e0)
 - public 'name' 'Lorg/ballerinalang/model/Name;' @28  a 'org/wso2/ballerinalang/compiler/util/Name'{0x00000000c0fb9c40} (c0fb9c40)
 - public strict 'fields' 'Ljava/util/LinkedHashMap;' @32  a 'java/util/LinkedHashMap'{0x00000000c5b112a8} (c5b112a8)
 - public strict 'typeInclusions' 'Ljava/util/List;' @36  
[error occurred during error reporting (printing register info), id 0xc0000005, EXCEPTION_ACCESS_VIOLATION (0xc0000005) at pc=0x00007ff8ac8fb741]

Registers:
RAX=0x0000000000000001, RBX=0x00000000c5b1128c, RCX=0x00000000c8c95068, RDX=0x00000000c8c95068
RSP=0x000000772e2ff698, RBP=0x00000236f3ad2fb0, RSI=0x00000236f3ad2fb0, RDI=0x0000000000000001
R8 =0x00000000c8c95068, R9 =0x0000000000000000, R10=0x00000000c5b116a4, R11=0x00000236f3ad3120
R12=0x0000000000000000, R13=0x00007ff8acbaf2a0, R14=0x00000000c8c95068, R15=0x00000000c8ecc868
RIP=0x00007ff8ac468666, EFLAGS=0x0000000000010246

Top of Stack: (sp=0x000000772e2ff698)
0x000000772e2ff698:   00007ff8ac5e7dff 0000000000000001
0x000000772e2ff6a8:   0000000000000002 00000236f3ad2fb0
0x000000772e2ff6b8:   0000000000000080 0000000000000080
0x000000772e2ff6c8:   0000000000020000 0000000ac5665d60
0x000000772e2ff6d8:   00007ff8ac5bfa6e 00000236f3ad2fb0
0x000000772e2ff6e8:   0000000000000040 00000236ca5a71e0
0x000000772e2ff6f8:   00007ff8acbaf2a0 0000000000000000
0x000000772e2ff708:   00000236ca5a7160 0000000000000100
0x000000772e2ff718:   00007ff8ac5e6713 00000236f3ad2fb0
0x000000772e2ff728:   00000236ca5a7100 000000000000000d
0x000000772e2ff738:   00000000c5b1128c 00000000c5b1128d
0x000000772e2ff748:   00007ff8ac908dcf 000000772e2ff7d0
0x000000772e2ff758:   00007ff8ac5eedd0 00000000c53be200
0x000000772e2ff768:   00000000c539c1d0 0000000000000100
0x000000772e2ff778:   000000772e2ff978 000000772e2ff950
0x000000772e2ff788:   0000000000000053 0000000000000000 

Instructions: (pc=0x00007ff8ac468666)
0x00007ff8ac468566:   eb 04 48 8b 43 08 81 78 08 00 00 00 c0 0f 83 81
0x00007ff8ac468576:   00 00 00 48 8b 4f 38 48 8b d3 48 8b 01 ff 50 20
0x00007ff8ac468586:   84 c0 75 70 38 05 51 ca 93 00 74 15 8b 53 08 8b
0x00007ff8ac468596:   0d bd 11 8f 00 48 d3 e2 48 03 15 ab 11 8f 00 eb
0x00007ff8ac4685a6:   04 48 8b 53 08 48 8b cb 48 89 5c 24 20 e8 a8 00
0x00007ff8ac4685b6:   00 00 80 7f 30 00 48 63 c8 48 89 4c 24 28 74 1c
0x00007ff8ac4685c6:   0f 10 44 24 20 0f 11 86 98 03 00 00 48 8b 5c 24
0x00007ff8ac4685d6:   40 48 8b 74 24 48 48 83 c4 30 5f c3 48 8b 07 48
0x00007ff8ac4685e6:   8d 54 24 20 48 89 4c 24 28 48 8b cf 48 89 5c 24
0x00007ff8ac4685f6:   20 ff 50 38 48 8b 5c 24 40 48 8b 74 24 48 48 83
0x00007ff8ac468606:   c4 30 5f c3 cc cc cc cc cc cc 48 8b 49 38 48 8b
0x00007ff8ac468616:   01 48 ff 60 28 cc cc cc cc cc 80 3d ba c9 93 00
0x00007ff8ac468626:   00 48 8b c1 74 1b 8b 51 08 8b 0d 23 11 8f 00 48
0x00007ff8ac468636:   d3 e2 48 8b c8 48 03 15 0e 11 8f 00 e9 19 00 00
0x00007ff8ac468646:   00 48 8b 51 08 48 8b c8 e9 0d 00 00 00 cc cc cc
0x00007ff8ac468656:   cc cc cc cc cc cc cc cc cc cc 4c 8b ca 48 8b d1
0x00007ff8ac468666:   45 8b 41 08 45 85 c0 7e 0e 41 f6 c0 01 75 56 41
0x00007ff8ac468676:   c1 f8 03 41 8b c0 c3 79 4c 80 3d 5b c9 93 00 00
0x00007ff8ac468686:   b8 0c 00 00 00 b9 10 00 00 00 0f 45 c8 8b 05 db
0x00007ff8ac468696:   40 8d 00 ff c8 4c 63 c8 48 63 14 11 41 8b c8 83
0x00007ff8ac4686a6:   e1 3f 48 d3 e2 41 8b c8 48 c1 f9 10 0f b6 c1 49
0x00007ff8ac4686b6:   8d 0c 11 49 f7 d1 48 03 c1 49 c1 e9 03 48 c1 e8
0x00007ff8ac4686c6:   03 41 23 c1 c3 49 8b 01 49 8b c9 48 ff a0 10 01
0x00007ff8ac4686d6:   00 00 cc cc cc cc cc cc cc cc 48 8b c2 c3 cc cc
0x00007ff8ac4686e6:   cc cc cc cc cc cc cc cc cc cc 48 83 ec 38 48 8b
0x00007ff8ac4686f6:   c1 48 8b 49 38 80 79 08 00 74 04 48 8b 48 38 0f
0x00007ff8ac468706:   10 02 48 8d 54 24 20 0f 29 44 24 20 e8 39 f0 ff
0x00007ff8ac468716:   ff 48 83 c4 38 c3 cc cc cc cc 48 83 ec 38 0f 10
0x00007ff8ac468726:   02 48 8b 01 48 8d 54 24 20 0f 29 44 24 20 ff 50
0x00007ff8ac468736:   38 48 83 c4 38 c3 cc cc cc cc 48 89 5c 24 08 55
0x00007ff8ac468746:   56 57 41 54 41 55 41 56 41 57 48 8d 6c 24 e0 48
0x00007ff8ac468756:   81 ec 20 01 00 00 48 8b 05 25 99 90 00 48 33 c4 


Stack slot to memory mapping:
stack at sp + 0 slots: 0x00007ff8ac5e7dff jvm.dll
stack at sp + 1 slots: 0x0000000000000001 is an unknown value
stack at sp + 2 slots: 0x0000000000000002 is an unknown value
stack at sp + 3 slots: 0x00000236f3ad2fb0 points into unknown readable memory: 0x00007ff8acbae7d8 | d8 e7 ba ac f8 7f 00 00
stack at sp + 4 slots: 0x0000000000000080 is an unknown value
stack at sp + 5 slots: 0x0000000000000080 is an unknown value
stack at sp + 6 slots: 0x0000000000020000 is an unknown value
stack at sp + 7 slots: 0x0000000ac5665d60 is an unknown value


---------------  P R O C E S S  ---------------

Threads class SMR info:
_java_thread_list=0x00000236f36de250, length=17, elements={
0x00000236ca58d000, 0x00000236e78c9000, 0x00000236e78be000, 0x00000236e78d1000,
0x00000236e7914800, 0x00000236e7915800, 0x00000236e791b800, 0x00000236e7924000,
0x00000236e792d800, 0x00000236e7a8a000, 0x00000236e7c86800, 0x00000236efdc1800,
0x00000236f1591800, 0x00000236efd51000, 0x00000236ef5b7000, 0x00000236f13d0800,
0x00000236f3134800
}

Java Threads: ( => current thread )
  0x00000236ca58d000 JavaThread "main" [_thread_blocked, id=10984, stack(0x000000772d100000,0x000000772d200000)]
  0x00000236e78c9000 JavaThread "Reference Handler" daemon [_thread_blocked, id=10252, stack(0x000000772d800000,0x000000772d900000)]
  0x00000236e78be000 JavaThread "Finalizer" daemon [_thread_blocked, id=12936, stack(0x000000772d900000,0x000000772da00000)]
  0x00000236e78d1000 JavaThread "Signal Dispatcher" daemon [_thread_blocked, id=15996, stack(0x000000772da00000,0x000000772db00000)]
  0x00000236e7914800 JavaThread "Attach Listener" daemon [_thread_blocked, id=3688, stack(0x000000772db00000,0x000000772dc00000)]
  0x00000236e7915800 JavaThread "Service Thread" daemon [_thread_blocked, id=13020, stack(0x000000772dc00000,0x000000772dd00000)]
  0x00000236e791b800 JavaThread "C2 CompilerThread0" daemon [_thread_in_native, id=2996, stack(0x000000772dd00000,0x000000772de00000)]
  0x00000236e7924000 JavaThread "C1 CompilerThread0" daemon [_thread_blocked, id=14784, stack(0x000000772de00000,0x000000772df00000)]
  0x00000236e792d800 JavaThread "Sweeper thread" daemon [_thread_blocked, id=1464, stack(0x000000772df00000,0x000000772e000000)]
  0x00000236e7a8a000 JavaThread "Common-Cleaner" daemon [_thread_blocked, id=9124, stack(0x000000772e000000,0x000000772e100000)]
  0x00000236e7c86800 JavaThread "RMI TCP Accept-0" daemon [_thread_in_native, id=7244, stack(0x000000772e400000,0x000000772e500000)]
  0x00000236efdc1800 JavaThread "pool-1-thread-1" [_thread_in_native, id=16116, stack(0x000000772e700000,0x000000772e800000)]
  0x00000236f1591800 JavaThread "ForkJoinPool.commonPool-worker-3" daemon [_thread_blocked, id=14460, stack(0x000000772e800000,0x000000772e900000)]
  0x00000236efd51000 JavaThread "ForkJoinPool.commonPool-worker-5" daemon [_thread_blocked, id=8348, stack(0x000000772e900000,0x000000772ea00000)]
  0x00000236ef5b7000 JavaThread "C2 CompilerThread1" daemon [_thread_blocked, id=8608, stack(0x000000772e600000,0x000000772e700000)]
  0x00000236f13d0800 JavaThread "CompletableFutureDelayScheduler" daemon [_thread_blocked, id=10884, stack(0x000000772ea00000,0x000000772eb00000)]
  0x00000236f3134800 JavaThread "ForkJoinPool.commonPool-worker-7" daemon [_thread_blocked, id=6372, stack(0x000000772eb00000,0x000000772ec00000)]

Other Threads:
  0x00000236e78b3800 VMThread "VM Thread" [stack: 0x000000772d700000,0x000000772d800000] [id=15564]
  0x00000236e7c4d000 WatcherThread [stack: 0x000000772e500000,0x000000772e600000] [id=10144]
  0x00000236ca5a6000 GCTaskThread "GC Thread#0" [stack: 0x000000772d200000,0x000000772d300000] [id=14440]
  0x00000236ef607800 GCTaskThread "GC Thread#1" [stack: 0x000000772e100000,0x000000772e200000] [id=14652]
=>0x00000236ef5b8000 GCTaskThread "GC Thread#2" [stack: 0x000000772e200000,0x000000772e300000] [id=9544]
  0x00000236ef5b6000 GCTaskThread "GC Thread#3" [stack: 0x000000772e300000,0x000000772e400000] [id=9856]
  0x00000236ca5c0000 ConcurrentGCThread "G1 Main Marker" [stack: 0x000000772d300000,0x000000772d400000] [id=11708]
  0x00000236ca5c2000 ConcurrentGCThread "G1 Conc#0" [stack: 0x000000772d400000,0x000000772d500000] [id=8572]
  0x00000236e6efa800 ConcurrentGCThread "G1 Refine#0" [stack: 0x000000772d500000,0x000000772d600000] [id=14300]
  0x00000236f3c0e800 ConcurrentGCThread "G1 Refine#1" [stack: 0x000000772ec00000,0x000000772ed00000] [id=12380]
  0x00000236e6efb800 ConcurrentGCThread "G1 Young RemSet Sampling" [stack: 0x000000772d600000,0x000000772d700000] [id=16088]

Threads with active compile tasks:
C2 CompilerThread0    11833 7309       4       io.ballerina.compiler.internal.parser.BallerinaLexer::readToken (974 bytes)
C2 CompilerThread1    11833 7211       4       org.wso2.ballerinalang.compiler.parser.BLangNodeBuilder::createIdentifier (77 bytes)

VM state:at safepoint (normal execution)

VM Mutex/Monitor currently owned by a thread:  ([mutex/lock_event])
[0x00000236ca588d80] Threads_lock - owner thread: 0x00000236e78b3800
[0x00000236ca587dc0] Heap_lock - owner thread: 0x00000236f1591800

Heap address: 0x00000000c0000000, size: 1024 MB, Compressed Oops mode: 32-bit
Narrow klass base: 0x0000000000000000, Narrow klass shift: 3
Compressed class space size: 1073741824 Address: 0x0000000100000000

Heap:
 garbage-first heap   total 262144K, used 193438K [0x00000000c0000000, 0x0000000100000000)
  region size 1024K, 102 young (104448K), 13 survivors (13312K)
 Metaspace       used 43367K, capacity 44675K, committed 44928K, reserved 1089536K
  class space    used 4344K, capacity 4887K, committed 4992K, reserved 1048576K
Heap Regions: E=young(eden), S=young(survivor), O=old, HS=humongous(starts), HC=humongous(continues), CS=collection set, F=free, A=archive, TAMS=top-at-mark-start (previous, next)
|   0|0x00000000c0000000, 0x00000000c0100000, 0x00000000c0100000|100%|HS|  |TAMS 0x00000000c0100000, 0x00000000c0000000| Complete 
|   1|0x00000000c0100000, 0x00000000c0200000, 0x00000000c0200000|100%|HS|  |TAMS 0x00000000c0200000, 0x00000000c0100000| Complete 
|   2|0x00000000c0200000, 0x00000000c0300000, 0x00000000c0300000|100%|HS|  |TAMS 0x00000000c0300000, 0x00000000c0200000| Complete 
|   3|0x00000000c0300000, 0x00000000c0400000, 0x00000000c0400000|100%|HS|  |TAMS 0x00000000c0400000, 0x00000000c0300000| Complete 
|   4|0x00000000c0400000, 0x00000000c0500000, 0x00000000c0500000|100%| O|  |TAMS 0x00000000c0500000, 0x00000000c0400000| Untracked 
|   5|0x00000000c0500000, 0x00000000c0600000, 0x00000000c0600000|100%| O|  |TAMS 0x00000000c0600000, 0x00000000c0500000| Untracked 
|   6|0x00000000c0600000, 0x00000000c0700000, 0x00000000c0700000|100%| O|  |TAMS 0x00000000c0700000, 0x00000000c0600000| Untracked 
|   7|0x00000000c0700000, 0x00000000c0800000, 0x00000000c0800000|100%| O|  |TAMS 0x00000000c0800000, 0x00000000c0700000| Untracked 
|   8|0x00000000c0800000, 0x00000000c0900000, 0x00000000c0900000|100%| O|  |TAMS 0x00000000c0900000, 0x00000000c0800000| Untracked 
|   9|0x00000000c0900000, 0x00000000c0a00000, 0x00000000c0a00000|100%| O|  |TAMS 0x00000000c0a00000, 0x00000000c0900000| Untracked 
|  10|0x00000000c0a00000, 0x00000000c0b00000, 0x00000000c0b00000|100%| O|  |TAMS 0x00000000c0b00000, 0x00000000c0a00000| Untracked 
|  11|0x00000000c0b00000, 0x00000000c0c00000, 0x00000000c0c00000|100%| O|  |TAMS 0x00000000c0c00000, 0x00000000c0b00000| Untracked 
|  12|0x00000000c0c00000, 0x00000000c0d00000, 0x00000000c0d00000|100%| O|  |TAMS 0x00000000c0d00000, 0x00000000c0c00000| Untracked 
|  13|0x00000000c0d00000, 0x00000000c0e00000, 0x00000000c0e00000|100%| O|  |TAMS 0x00000000c0e00000, 0x00000000c0d00000| Untracked 
|  14|0x00000000c0e00000, 0x00000000c0f00000, 0x00000000c0f00000|100%| O|  |TAMS 0x00000000c0f00000, 0x00000000c0e00000| Untracked 
|  15|0x00000000c0f00000, 0x00000000c1000000, 0x00000000c1000000|100%| O|  |TAMS 0x00000000c1000000, 0x00000000c0f00000| Untracked 
|  16|0x00000000c1000000, 0x00000000c1100000, 0x00000000c1100000|100%| O|  |TAMS 0x00000000c1000000, 0x00000000c1000000| Untracked 
|  17|0x00000000c1100000, 0x00000000c1200000, 0x00000000c1200000|100%| O|  |TAMS 0x00000000c1200000, 0x00000000c1100000| Untracked 
|  18|0x00000000c1200000, 0x00000000c1300000, 0x00000000c1300000|100%| O|  |TAMS 0x00000000c1300000, 0x00000000c1200000| Untracked 
|  19|0x00000000c1300000, 0x00000000c1400000, 0x00000000c1400000|100%| O|  |TAMS 0x00000000c1400000, 0x00000000c1300000| Untracked 
|  20|0x00000000c1400000, 0x00000000c1500000, 0x00000000c1500000|100%| O|  |TAMS 0x00000000c1500000, 0x00000000c1400000| Untracked 
|  21|0x00000000c1500000, 0x00000000c1600000, 0x00000000c1600000|100%| O|  |TAMS 0x00000000c1600000, 0x00000000c1500000| Untracked 
|  22|0x00000000c1600000, 0x00000000c1700000, 0x00000000c1700000|100%| O|  |TAMS 0x00000000c1700000, 0x00000000c1600000| Untracked 
|  23|0x00000000c1700000, 0x00000000c1800000, 0x00000000c1800000|100%| O|  |TAMS 0x00000000c1800000, 0x00000000c1700000| Untracked 
|  24|0x00000000c1800000, 0x00000000c1900000, 0x00000000c1900000|100%| O|  |TAMS 0x00000000c1900000, 0x00000000c1800000| Untracked 
|  25|0x00000000c1900000, 0x00000000c1a00000, 0x00000000c1a00000|100%| O|  |TAMS 0x00000000c1a00000, 0x00000000c1900000| Untracked 
|  26|0x00000000c1a00000, 0x00000000c1b00000, 0x00000000c1b00000|100%| O|  |TAMS 0x00000000c1b00000, 0x00000000c1a00000| Untracked 
|  27|0x00000000c1b00000, 0x00000000c1c00000, 0x00000000c1c00000|100%| O|  |TAMS 0x00000000c1c00000, 0x00000000c1b00000| Untracked 
|  28|0x00000000c1c00000, 0x00000000c1d00000, 0x00000000c1d00000|100%| O|  |TAMS 0x00000000c1d00000, 0x00000000c1c00000| Untracked 
|  29|0x00000000c1d00000, 0x00000000c1e00000, 0x00000000c1e00000|100%| O|  |TAMS 0x00000000c1e00000, 0x00000000c1d00000| Untracked 
|  30|0x00000000c1e00000, 0x00000000c1f00000, 0x00000000c1f00000|100%| O|  |TAMS 0x00000000c1f00000, 0x00000000c1e00000| Untracked 
|  31|0x00000000c1f00000, 0x00000000c2000000, 0x00000000c2000000|100%| O|  |TAMS 0x00000000c2000000, 0x00000000c1f00000| Untracked 
|  32|0x00000000c2000000, 0x00000000c2100000, 0x00000000c2100000|100%| O|  |TAMS 0x00000000c2100000, 0x00000000c2000000| Untracked 
|  33|0x00000000c2100000, 0x00000000c2200000, 0x00000000c2200000|100%| O|  |TAMS 0x00000000c2200000, 0x00000000c2100000| Untracked 
|  34|0x00000000c2200000, 0x00000000c2300000, 0x00000000c2300000|100%| O|  |TAMS 0x00000000c2300000, 0x00000000c2200000| Untracked 
|  35|0x00000000c2300000, 0x00000000c2400000, 0x00000000c2400000|100%| O|  |TAMS 0x00000000c2400000, 0x00000000c2300000| Untracked 
|  36|0x00000000c2400000, 0x00000000c2500000, 0x00000000c2500000|100%| O|  |TAMS 0x00000000c2500000, 0x00000000c2400000| Untracked 
|  37|0x00000000c2500000, 0x00000000c2600000, 0x00000000c2600000|100%| O|  |TAMS 0x00000000c2600000, 0x00000000c2500000| Untracked 
|  38|0x00000000c2600000, 0x00000000c2700000, 0x00000000c2700000|100%| O|  |TAMS 0x00000000c263c200, 0x00000000c2600000| Untracked 
|  39|0x00000000c2700000, 0x00000000c2800000, 0x00000000c2800000|100%| O|  |TAMS 0x00000000c2700000, 0x00000000c2700000| Untracked 
|  40|0x00000000c2800000, 0x00000000c2900000, 0x00000000c2900000|100%| O|  |TAMS 0x00000000c2800000, 0x00000000c2800000| Untracked 
|  41|0x00000000c2900000, 0x00000000c2a00000, 0x00000000c2a00000|100%| O|  |TAMS 0x00000000c2900000, 0x00000000c2900000| Untracked 
|  42|0x00000000c2a00000, 0x00000000c2b00000, 0x00000000c2b00000|100%| O|  |TAMS 0x00000000c2a00000, 0x00000000c2a00000| Untracked 
|  43|0x00000000c2b00000, 0x00000000c2c00000, 0x00000000c2c00000|100%| O|  |TAMS 0x00000000c2b00000, 0x00000000c2b00000| Untracked 
|  44|0x00000000c2c00000, 0x00000000c2d00000, 0x00000000c2d00000|100%| O|  |TAMS 0x00000000c2c00000, 0x00000000c2c00000| Untracked 
|  45|0x00000000c2d00000, 0x00000000c2e00000, 0x00000000c2e00000|100%| O|  |TAMS 0x00000000c2d00000, 0x00000000c2d00000| Untracked 
|  46|0x00000000c2e00000, 0x00000000c2f00000, 0x00000000c2f00000|100%| O|  |TAMS 0x00000000c2e00000, 0x00000000c2e00000| Untracked 
|  47|0x00000000c2f00000, 0x00000000c3000000, 0x00000000c3000000|100%| O|  |TAMS 0x00000000c2f00000, 0x00000000c2f00000| Untracked 
|  48|0x00000000c3000000, 0x00000000c3100000, 0x00000000c3100000|100%| O|  |TAMS 0x00000000c3000000, 0x00000000c3000000| Untracked 
|  49|0x00000000c3100000, 0x00000000c3200000, 0x00000000c3200000|100%| O|  |TAMS 0x00000000c3100000, 0x00000000c3100000| Untracked 
|  50|0x00000000c3200000, 0x00000000c3300000, 0x00000000c3300000|100%| O|  |TAMS 0x00000000c3200000, 0x00000000c3200000| Untracked 
|  51|0x00000000c3300000, 0x00000000c3400000, 0x00000000c3400000|100%| O|  |TAMS 0x00000000c3300000, 0x00000000c3300000| Untracked 
|  52|0x00000000c3400000, 0x00000000c3500000, 0x00000000c3500000|100%| O|  |TAMS 0x00000000c3400000, 0x00000000c3400000| Untracked 
|  53|0x00000000c3500000, 0x00000000c3600000, 0x00000000c3600000|100%| O|  |TAMS 0x00000000c3500000, 0x00000000c3500000| Untracked 
|  54|0x00000000c3600000, 0x00000000c3700000, 0x00000000c3700000|100%| O|  |TAMS 0x00000000c3600000, 0x00000000c3600000| Untracked 
|  55|0x00000000c3700000, 0x00000000c3800000, 0x00000000c3800000|100%| O|  |TAMS 0x00000000c3700000, 0x00000000c3700000| Untracked 
|  56|0x00000000c3800000, 0x00000000c3900000, 0x00000000c3900000|100%| O|  |TAMS 0x00000000c3800000, 0x00000000c3800000| Untracked 
|  57|0x00000000c3900000, 0x00000000c3a00000, 0x00000000c3a00000|100%| O|  |TAMS 0x00000000c3900000, 0x00000000c3900000| Untracked 
|  58|0x00000000c3a00000, 0x00000000c3b00000, 0x00000000c3b00000|100%| O|  |TAMS 0x00000000c3a00000, 0x00000000c3a00000| Untracked 
|  59|0x00000000c3b00000, 0x00000000c3c00000, 0x00000000c3c00000|100%| O|  |TAMS 0x00000000c3b00000, 0x00000000c3b00000| Untracked 
|  60|0x00000000c3c00000, 0x00000000c3d00000, 0x00000000c3d00000|100%| O|  |TAMS 0x00000000c3c00000, 0x00000000c3c00000| Untracked 
|  61|0x00000000c3d00000, 0x00000000c3e00000, 0x00000000c3e00000|100%| O|  |TAMS 0x00000000c3d00000, 0x00000000c3d00000| Untracked 
|  62|0x00000000c3e00000, 0x00000000c3f00000, 0x00000000c3f00000|100%| O|  |TAMS 0x00000000c3e00000, 0x00000000c3e00000| Untracked 
|  63|0x00000000c3f00000, 0x00000000c4000000, 0x00000000c4000000|100%| O|  |TAMS 0x00000000c3f00000, 0x00000000c3f00000| Untracked 
|  64|0x00000000c4000000, 0x00000000c4100000, 0x00000000c4100000|100%| O|  |TAMS 0x00000000c4000000, 0x00000000c4000000| Untracked 
|  65|0x00000000c4100000, 0x00000000c4200000, 0x00000000c4200000|100%| O|  |TAMS 0x00000000c4100000, 0x00000000c4100000| Untracked 
|  66|0x00000000c4200000, 0x00000000c4300000, 0x00000000c4300000|100%| O|  |TAMS 0x00000000c4200000, 0x00000000c4200000| Untracked 
|  67|0x00000000c4300000, 0x00000000c4400000, 0x00000000c4400000|100%| O|  |TAMS 0x00000000c4300000, 0x00000000c4300000| Untracked 
|  68|0x00000000c4400000, 0x00000000c4500000, 0x00000000c4500000|100%| O|  |TAMS 0x00000000c4400000, 0x00000000c4400000| Untracked 
|  69|0x00000000c4500000, 0x00000000c4600000, 0x00000000c4600000|100%| O|  |TAMS 0x00000000c4500000, 0x00000000c4500000| Untracked 
|  70|0x00000000c4600000, 0x00000000c4700000, 0x00000000c4700000|100%| O|  |TAMS 0x00000000c4600000, 0x00000000c4600000| Untracked 
|  71|0x00000000c4700000, 0x00000000c4800000, 0x00000000c4800000|100%| O|  |TAMS 0x00000000c4700000, 0x00000000c4700000| Untracked 
|  72|0x00000000c4800000, 0x00000000c4900000, 0x00000000c4900000|100%| O|  |TAMS 0x00000000c4800000, 0x00000000c4800000| Untracked 
|  73|0x00000000c4900000, 0x00000000c4a00000, 0x00000000c4a00000|100%| O|  |TAMS 0x00000000c4900000, 0x00000000c4900000| Untracked 
|  74|0x00000000c4a00000, 0x00000000c4b00000, 0x00000000c4b00000|100%| O|  |TAMS 0x00000000c4a00000, 0x00000000c4a00000| Untracked 
|  75|0x00000000c4b00000, 0x00000000c4c00000, 0x00000000c4c00000|100%| O|  |TAMS 0x00000000c4b00000, 0x00000000c4b00000| Untracked 
|  76|0x00000000c4c00000, 0x00000000c4d00000, 0x00000000c4d00000|100%| O|  |TAMS 0x00000000c4c00000, 0x00000000c4c00000| Untracked 
|  77|0x00000000c4d00000, 0x00000000c4e00000, 0x00000000c4e00000|100%| O|  |TAMS 0x00000000c4d00000, 0x00000000c4d00000| Untracked 
|  78|0x00000000c4e00000, 0x00000000c4f00000, 0x00000000c4f00000|100%| O|  |TAMS 0x00000000c4e00000, 0x00000000c4e00000| Untracked 
|  79|0x00000000c4f00000, 0x00000000c5000000, 0x00000000c5000000|100%| O|  |TAMS 0x00000000c4f00000, 0x00000000c4f00000| Untracked 
|  80|0x00000000c5000000, 0x00000000c5100000, 0x00000000c5100000|100%| O|  |TAMS 0x00000000c5000000, 0x00000000c5000000| Untracked 
|  81|0x00000000c5100000, 0x00000000c5200000, 0x00000000c5200000|100%| O|  |TAMS 0x00000000c5100000, 0x00000000c5100000| Untracked 
|  82|0x00000000c5200000, 0x00000000c5300000, 0x00000000c5300000|100%| O|  |TAMS 0x00000000c5200000, 0x00000000c5200000| Untracked 
|  83|0x00000000c5300000, 0x00000000c5400000, 0x00000000c5400000|100%| O|  |TAMS 0x00000000c5300000, 0x00000000c5300000| Untracked 
|  84|0x00000000c5400000, 0x00000000c5500000, 0x00000000c5500000|100%| O|  |TAMS 0x00000000c5400000, 0x00000000c5400000| Untracked 
|  85|0x00000000c5500000, 0x00000000c5600000, 0x00000000c5600000|100%| O|  |TAMS 0x00000000c5500000, 0x00000000c5500000| Untracked 
|  86|0x00000000c5600000, 0x00000000c5700000, 0x00000000c5700000|100%| O|  |TAMS 0x00000000c5600000, 0x00000000c5600000| Untracked 
|  87|0x00000000c5700000, 0x00000000c5800000, 0x00000000c5800000|100%| O|  |TAMS 0x00000000c5700000, 0x00000000c5700000| Untracked 
|  88|0x00000000c5800000, 0x00000000c5900000, 0x00000000c5900000|100%| O|  |TAMS 0x00000000c5800000, 0x00000000c5800000| Untracked 
|  89|0x00000000c5900000, 0x00000000c5a00000, 0x00000000c5a00000|100%| O|  |TAMS 0x00000000c5900000, 0x00000000c5900000| Untracked 
|  90|0x00000000c5a00000, 0x00000000c5b00000, 0x00000000c5b00000|100%| O|  |TAMS 0x00000000c5a00000, 0x00000000c5a00000| Untracked 
|  91|0x00000000c5b00000, 0x00000000c5c00000, 0x00000000c5c00000|100%| O|  |TAMS 0x00000000c5b00000, 0x00000000c5b00000| Untracked 
|  92|0x00000000c5c00000, 0x00000000c5d00000, 0x00000000c5d00000|100%| O|  |TAMS 0x00000000c5c00000, 0x00000000c5c00000| Untracked 
|  93|0x00000000c5d00000, 0x00000000c5e00000, 0x00000000c5e00000|100%| O|  |TAMS 0x00000000c5d00000, 0x00000000c5d00000| Untracked 
|  94|0x00000000c5e00000, 0x00000000c5f00000, 0x00000000c5f00000|100%| O|  |TAMS 0x00000000c5e00000, 0x00000000c5e00000| Untracked 
|  95|0x00000000c5f00000, 0x00000000c6000000, 0x00000000c6000000|100%| O|  |TAMS 0x00000000c5f00000, 0x00000000c5f00000| Untracked 
|  96|0x00000000c6000000, 0x00000000c6100000, 0x00000000c6100000|100%| O|  |TAMS 0x00000000c6000000, 0x00000000c6000000| Untracked 
|  97|0x00000000c6100000, 0x00000000c6200000, 0x00000000c6200000|100%| O|  |TAMS 0x00000000c6100000, 0x00000000c6100000| Untracked 
|  98|0x00000000c6200000, 0x00000000c6300000, 0x00000000c6300000|100%| O|  |TAMS 0x00000000c6200000, 0x00000000c6200000| Untracked 
|  99|0x00000000c6300000, 0x00000000c6400000, 0x00000000c6400000|100%| O|  |TAMS 0x00000000c6300000, 0x00000000c6300000| Untracked 
| 100|0x00000000c6400000, 0x00000000c6500000, 0x00000000c6500000|100%| O|  |TAMS 0x00000000c6400000, 0x00000000c6400000| Untracked 
| 101|0x00000000c6500000, 0x00000000c6600000, 0x00000000c6600000|100%| O|  |TAMS 0x00000000c6500000, 0x00000000c6500000| Untracked 
| 102|0x00000000c6600000, 0x00000000c6700000, 0x00000000c6700000|100%| O|  |TAMS 0x00000000c6600000, 0x00000000c6600000| Untracked 
| 103|0x00000000c6700000, 0x00000000c6800000, 0x00000000c6800000|100%| O|  |TAMS 0x00000000c6700000, 0x00000000c6700000| Untracked 
| 104|0x00000000c6800000, 0x00000000c6900000, 0x00000000c6900000|100%| O|  |TAMS 0x00000000c6800000, 0x00000000c6800000| Untracked 
| 105|0x00000000c6900000, 0x00000000c6a00000, 0x00000000c6a00000|100%| O|  |TAMS 0x00000000c6900000, 0x00000000c6900000| Untracked 
| 106|0x00000000c6a00000, 0x00000000c6b00000, 0x00000000c6b00000|100%| O|  |TAMS 0x00000000c6a00000, 0x00000000c6a00000| Untracked 
| 107|0x00000000c6b00000, 0x00000000c6c00000, 0x00000000c6c00000|100%| O|  |TAMS 0x00000000c6b00000, 0x00000000c6b00000| Untracked 
| 108|0x00000000c6c00000, 0x00000000c6caf3f0, 0x00000000c6d00000| 68%| O|  |TAMS 0x00000000c6c00000, 0x00000000c6c00000| Untracked 
| 109|0x00000000c6d00000, 0x00000000c6d00000, 0x00000000c6e00000|  0%| F|  |TAMS 0x00000000c6d00000, 0x00000000c6d00000| Untracked 
| 110|0x00000000c6e00000, 0x00000000c6e00000, 0x00000000c6f00000|  0%| F|  |TAMS 0x00000000c6e00000, 0x00000000c6e00000| Untracked 
| 111|0x00000000c6f00000, 0x00000000c6f00000, 0x00000000c7000000|  0%| F|  |TAMS 0x00000000c6f00000, 0x00000000c6f00000| Untracked 
| 112|0x00000000c7000000, 0x00000000c7000000, 0x00000000c7100000|  0%| F|  |TAMS 0x00000000c7000000, 0x00000000c7000000| Untracked 
| 113|0x00000000c7100000, 0x00000000c7100000, 0x00000000c7200000|  0%| F|  |TAMS 0x00000000c7100000, 0x00000000c7100000| Untracked 
| 114|0x00000000c7200000, 0x00000000c7200000, 0x00000000c7300000|  0%| F|  |TAMS 0x00000000c7200000, 0x00000000c7200000| Untracked 
| 115|0x00000000c7300000, 0x00000000c7300000, 0x00000000c7400000|  0%| F|  |TAMS 0x00000000c7300000, 0x00000000c7300000| Untracked 
| 116|0x00000000c7400000, 0x00000000c7400000, 0x00000000c7500000|  0%| F|  |TAMS 0x00000000c7400000, 0x00000000c7400000| Untracked 
| 117|0x00000000c7500000, 0x00000000c7500000, 0x00000000c7600000|  0%| F|  |TAMS 0x00000000c7500000, 0x00000000c7500000| Untracked 
| 118|0x00000000c7600000, 0x00000000c7600000, 0x00000000c7700000|  0%| F|  |TAMS 0x00000000c7600000, 0x00000000c7600000| Untracked 
| 119|0x00000000c7700000, 0x00000000c7700000, 0x00000000c7800000|  0%| F|  |TAMS 0x00000000c7700000, 0x00000000c7700000| Untracked 
| 120|0x00000000c7800000, 0x00000000c7800000, 0x00000000c7900000|  0%| F|  |TAMS 0x00000000c7800000, 0x00000000c7800000| Untracked 
| 121|0x00000000c7900000, 0x00000000c7900000, 0x00000000c7a00000|  0%| F|  |TAMS 0x00000000c7900000, 0x00000000c7900000| Untracked 
| 122|0x00000000c7a00000, 0x00000000c7a00000, 0x00000000c7b00000|  0%| F|  |TAMS 0x00000000c7a00000, 0x00000000c7a00000| Untracked 
| 123|0x00000000c7b00000, 0x00000000c7b00000, 0x00000000c7c00000|  0%| F|  |TAMS 0x00000000c7b00000, 0x00000000c7b00000| Untracked 
| 124|0x00000000c7c00000, 0x00000000c7c00000, 0x00000000c7d00000|  0%| F|  |TAMS 0x00000000c7c00000, 0x00000000c7c00000| Untracked 
| 125|0x00000000c7d00000, 0x00000000c7d00000, 0x00000000c7e00000|  0%| F|  |TAMS 0x00000000c7d00000, 0x00000000c7d00000| Untracked 
| 126|0x00000000c7e00000, 0x00000000c7e00000, 0x00000000c7f00000|  0%| F|  |TAMS 0x00000000c7e00000, 0x00000000c7e00000| Untracked 
| 127|0x00000000c7f00000, 0x00000000c7f00000, 0x00000000c8000000|  0%| F|  |TAMS 0x00000000c7f00000, 0x00000000c7f00000| Untracked 
| 128|0x00000000c8000000, 0x00000000c8000000, 0x00000000c8100000|  0%| F|  |TAMS 0x00000000c8000000, 0x00000000c8000000| Untracked 
| 129|0x00000000c8100000, 0x00000000c8100000, 0x00000000c8200000|  0%| F|  |TAMS 0x00000000c8100000, 0x00000000c8100000| Untracked 
| 130|0x00000000c8200000, 0x00000000c8200000, 0x00000000c8300000|  0%| F|  |TAMS 0x00000000c8200000, 0x00000000c8200000| Untracked 
| 131|0x00000000c8300000, 0x00000000c8300000, 0x00000000c8400000|  0%| F|  |TAMS 0x00000000c8300000, 0x00000000c8300000| Untracked 
| 132|0x00000000c8400000, 0x00000000c8400000, 0x00000000c8500000|  0%| F|  |TAMS 0x00000000c8400000, 0x00000000c8400000| Untracked 
| 133|0x00000000c8500000, 0x00000000c8500000, 0x00000000c8600000|  0%| F|  |TAMS 0x00000000c8500000, 0x00000000c8500000| Untracked 
| 134|0x00000000c8600000, 0x00000000c8600000, 0x00000000c8700000|  0%| F|  |TAMS 0x00000000c8600000, 0x00000000c8600000| Untracked 
| 135|0x00000000c8700000, 0x00000000c8700000, 0x00000000c8800000|  0%| F|  |TAMS 0x00000000c8700000, 0x00000000c8700000| Untracked 
| 136|0x00000000c8800000, 0x00000000c8900000, 0x00000000c8900000|100%| E|CS|TAMS 0x00000000c8800000, 0x00000000c8800000| Complete 
| 137|0x00000000c8900000, 0x00000000c8a00000, 0x00000000c8a00000|100%| E|CS|TAMS 0x00000000c8900000, 0x00000000c8900000| Complete 
| 138|0x00000000c8a00000, 0x00000000c8b00000, 0x00000000c8b00000|100%| E|CS|TAMS 0x00000000c8a00000, 0x00000000c8a00000| Complete 
| 139|0x00000000c8b00000, 0x00000000c8b00000, 0x00000000c8c00000|  0%| F|  |TAMS 0x00000000c8b00000, 0x00000000c8b00000| Untracked 
| 140|0x00000000c8c00000, 0x00000000c8d00000, 0x00000000c8d00000|100%| E|CS|TAMS 0x00000000c8c00000, 0x00000000c8c00000| Complete 
| 141|0x00000000c8d00000, 0x00000000c8e00000, 0x00000000c8e00000|100%| E|CS|TAMS 0x00000000c8d00000, 0x00000000c8d00000| Complete 
| 142|0x00000000c8e00000, 0x00000000c8f00000, 0x00000000c8f00000|100%| E|CS|TAMS 0x00000000c8e00000, 0x00000000c8e00000| Complete 
| 143|0x00000000c8f00000, 0x00000000c9000000, 0x00000000c9000000|100%| E|CS|TAMS 0x00000000c8f00000, 0x00000000c8f00000| Complete 
| 144|0x00000000c9000000, 0x00000000c9100000, 0x00000000c9100000|100%| E|CS|TAMS 0x00000000c9000000, 0x00000000c9000000| Complete 
| 145|0x00000000c9100000, 0x00000000c9200000, 0x00000000c9200000|100%| E|CS|TAMS 0x00000000c9100000, 0x00000000c9100000| Complete 
| 146|0x00000000c9200000, 0x00000000c9300000, 0x00000000c9300000|100%| E|CS|TAMS 0x00000000c9200000, 0x00000000c9200000| Complete 
| 147|0x00000000c9300000, 0x00000000c9400000, 0x00000000c9400000|100%| E|CS|TAMS 0x00000000c9300000, 0x00000000c9300000| Complete 
| 148|0x00000000c9400000, 0x00000000c9500000, 0x00000000c9500000|100%| E|CS|TAMS 0x00000000c9400000, 0x00000000c9400000| Complete 
| 149|0x00000000c9500000, 0x00000000c9600000, 0x00000000c9600000|100%| E|CS|TAMS 0x00000000c9500000, 0x00000000c9500000| Complete 
| 150|0x00000000c9600000, 0x00000000c9700000, 0x00000000c9700000|100%| E|CS|TAMS 0x00000000c9600000, 0x00000000c9600000| Complete 
| 151|0x00000000c9700000, 0x00000000c9700000, 0x00000000c9800000|  0%| F|  |TAMS 0x00000000c9700000, 0x00000000c9700000| Untracked 
| 152|0x00000000c9800000, 0x00000000c9800000, 0x00000000c9900000|  0%| F|  |TAMS 0x00000000c9800000, 0x00000000c9800000| Untracked 
| 153|0x00000000c9900000, 0x00000000c9900000, 0x00000000c9a00000|  0%| F|  |TAMS 0x00000000c9900000, 0x00000000c9900000| Untracked 
| 154|0x00000000c9a00000, 0x00000000c9b00000, 0x00000000c9b00000|100%| S|  |TAMS 0x00000000c9a00000, 0x00000000c9a00000| Complete 
| 155|0x00000000c9b00000, 0x00000000c9c00000, 0x00000000c9c00000|100%| S|  |TAMS 0x00000000c9b00000, 0x00000000c9b00000| Complete 
| 156|0x00000000c9c00000, 0x00000000c9d00000, 0x00000000c9d00000|100%| S|  |TAMS 0x00000000c9c00000, 0x00000000c9c00000| Complete 
| 157|0x00000000c9d00000, 0x00000000c9e00000, 0x00000000c9e00000|100%| S|  |TAMS 0x00000000c9d00000, 0x00000000c9d00000| Complete 
| 158|0x00000000c9e00000, 0x00000000c9f00000, 0x00000000c9f00000|100%| S|  |TAMS 0x00000000c9e00000, 0x00000000c9e00000| Complete 
| 159|0x00000000c9f00000, 0x00000000ca000000, 0x00000000ca000000|100%| S|  |TAMS 0x00000000c9f00000, 0x00000000c9f00000| Complete 
| 160|0x00000000ca000000, 0x00000000ca100000, 0x00000000ca100000|100%| S|  |TAMS 0x00000000ca000000, 0x00000000ca000000| Complete 
| 161|0x00000000ca100000, 0x00000000ca200000, 0x00000000ca200000|100%| S|  |TAMS 0x00000000ca100000, 0x00000000ca100000| Complete 
| 162|0x00000000ca200000, 0x00000000ca300000, 0x00000000ca300000|100%| S|  |TAMS 0x00000000ca200000, 0x00000000ca200000| Complete 
| 163|0x00000000ca300000, 0x00000000ca400000, 0x00000000ca400000|100%| S|  |TAMS 0x00000000ca300000, 0x00000000ca300000| Complete 
| 164|0x00000000ca400000, 0x00000000ca500000, 0x00000000ca500000|100%| S|  |TAMS 0x00000000ca400000, 0x00000000ca400000| Complete 
| 165|0x00000000ca500000, 0x00000000ca600000, 0x00000000ca600000|100%| S|  |TAMS 0x00000000ca500000, 0x00000000ca500000| Complete 
| 166|0x00000000ca600000, 0x00000000ca700000, 0x00000000ca700000|100%| S|  |TAMS 0x00000000ca600000, 0x00000000ca600000| Complete 
| 167|0x00000000ca700000, 0x00000000ca800000, 0x00000000ca800000|100%| E|CS|TAMS 0x00000000ca700000, 0x00000000ca700000| Complete 
| 168|0x00000000ca800000, 0x00000000ca900000, 0x00000000ca900000|100%| E|CS|TAMS 0x00000000ca800000, 0x00000000ca800000| Complete 
| 169|0x00000000ca900000, 0x00000000caa00000, 0x00000000caa00000|100%| E|CS|TAMS 0x00000000ca900000, 0x00000000ca900000| Complete 
| 170|0x00000000caa00000, 0x00000000cab00000, 0x00000000cab00000|100%| E|CS|TAMS 0x00000000caa00000, 0x00000000caa00000| Complete 
| 171|0x00000000cab00000, 0x00000000cac00000, 0x00000000cac00000|100%| E|CS|TAMS 0x00000000cab00000, 0x00000000cab00000| Complete 
| 172|0x00000000cac00000, 0x00000000cad00000, 0x00000000cad00000|100%| E|CS|TAMS 0x00000000cac00000, 0x00000000cac00000| Complete 
| 173|0x00000000cad00000, 0x00000000cae00000, 0x00000000cae00000|100%| E|CS|TAMS 0x00000000cad00000, 0x00000000cad00000| Complete 
| 174|0x00000000cae00000, 0x00000000caf00000, 0x00000000caf00000|100%| E|CS|TAMS 0x00000000cae00000, 0x00000000cae00000| Complete 
| 175|0x00000000caf00000, 0x00000000cb000000, 0x00000000cb000000|100%| E|CS|TAMS 0x00000000caf00000, 0x00000000caf00000| Complete 
| 176|0x00000000cb000000, 0x00000000cb100000, 0x00000000cb100000|100%| E|CS|TAMS 0x00000000cb000000, 0x00000000cb000000| Complete 
| 177|0x00000000cb100000, 0x00000000cb200000, 0x00000000cb200000|100%| E|CS|TAMS 0x00000000cb100000, 0x00000000cb100000| Complete 
| 178|0x00000000cb200000, 0x00000000cb300000, 0x00000000cb300000|100%| E|CS|TAMS 0x00000000cb200000, 0x00000000cb200000| Complete 
| 179|0x00000000cb300000, 0x00000000cb400000, 0x00000000cb400000|100%| E|CS|TAMS 0x00000000cb300000, 0x00000000cb300000| Complete 
| 180|0x00000000cb400000, 0x00000000cb500000, 0x00000000cb500000|100%| E|CS|TAMS 0x00000000cb400000, 0x00000000cb400000| Complete 
| 181|0x00000000cb500000, 0x00000000cb600000, 0x00000000cb600000|100%| E|CS|TAMS 0x00000000cb500000, 0x00000000cb500000| Complete 
| 182|0x00000000cb600000, 0x00000000cb700000, 0x00000000cb700000|100%| E|CS|TAMS 0x00000000cb600000, 0x00000000cb600000| Complete 
| 183|0x00000000cb700000, 0x00000000cb800000, 0x00000000cb800000|100%| E|CS|TAMS 0x00000000cb700000, 0x00000000cb700000| Complete 
| 184|0x00000000cb800000, 0x00000000cb900000, 0x00000000cb900000|100%| E|CS|TAMS 0x00000000cb800000, 0x00000000cb800000| Complete 
| 185|0x00000000cb900000, 0x00000000cba00000, 0x00000000cba00000|100%| E|CS|TAMS 0x00000000cb900000, 0x00000000cb900000| Complete 
| 186|0x00000000cba00000, 0x00000000cbb00000, 0x00000000cbb00000|100%| E|CS|TAMS 0x00000000cba00000, 0x00000000cba00000| Complete 
| 187|0x00000000cbb00000, 0x00000000cbc00000, 0x00000000cbc00000|100%| E|CS|TAMS 0x00000000cbb00000, 0x00000000cbb00000| Complete 
| 188|0x00000000cbc00000, 0x00000000cbd00000, 0x00000000cbd00000|100%| E|CS|TAMS 0x00000000cbc00000, 0x00000000cbc00000| Complete 
| 189|0x00000000cbd00000, 0x00000000cbe00000, 0x00000000cbe00000|100%| E|CS|TAMS 0x00000000cbd00000, 0x00000000cbd00000| Complete 
| 190|0x00000000cbe00000, 0x00000000cbf00000, 0x00000000cbf00000|100%| E|CS|TAMS 0x00000000cbe00000, 0x00000000cbe00000| Complete 
| 191|0x00000000cbf00000, 0x00000000cc000000, 0x00000000cc000000|100%| E|CS|TAMS 0x00000000cbf00000, 0x00000000cbf00000| Complete 
| 192|0x00000000cc000000, 0x00000000cc100000, 0x00000000cc100000|100%| E|CS|TAMS 0x00000000cc000000, 0x00000000cc000000| Complete 
| 193|0x00000000cc100000, 0x00000000cc200000, 0x00000000cc200000|100%| E|CS|TAMS 0x00000000cc100000, 0x00000000cc100000| Complete 
| 194|0x00000000cc200000, 0x00000000cc300000, 0x00000000cc300000|100%| E|CS|TAMS 0x00000000cc200000, 0x00000000cc200000| Complete 
| 195|0x00000000cc300000, 0x00000000cc400000, 0x00000000cc400000|100%| E|CS|TAMS 0x00000000cc300000, 0x00000000cc300000| Complete 
| 196|0x00000000cc400000, 0x00000000cc500000, 0x00000000cc500000|100%| E|CS|TAMS 0x00000000cc400000, 0x00000000cc400000| Complete 
| 197|0x00000000cc500000, 0x00000000cc600000, 0x00000000cc600000|100%| E|CS|TAMS 0x00000000cc500000, 0x00000000cc500000| Complete 
| 198|0x00000000cc600000, 0x00000000cc700000, 0x00000000cc700000|100%| E|CS|TAMS 0x00000000cc600000, 0x00000000cc600000| Complete 
| 199|0x00000000cc700000, 0x00000000cc800000, 0x00000000cc800000|100%| E|CS|TAMS 0x00000000cc700000, 0x00000000cc700000| Complete 
| 200|0x00000000cc800000, 0x00000000cc900000, 0x00000000cc900000|100%| E|CS|TAMS 0x00000000cc800000, 0x00000000cc800000| Complete 
| 201|0x00000000cc900000, 0x00000000cca00000, 0x00000000cca00000|100%| E|CS|TAMS 0x00000000cc900000, 0x00000000cc900000| Complete 
| 202|0x00000000cca00000, 0x00000000ccb00000, 0x00000000ccb00000|100%| E|CS|TAMS 0x00000000cca00000, 0x00000000cca00000| Complete 
| 203|0x00000000ccb00000, 0x00000000ccc00000, 0x00000000ccc00000|100%| E|CS|TAMS 0x00000000ccb00000, 0x00000000ccb00000| Complete 
| 204|0x00000000ccc00000, 0x00000000ccd00000, 0x00000000ccd00000|100%| E|CS|TAMS 0x00000000ccc00000, 0x00000000ccc00000| Complete 
| 205|0x00000000ccd00000, 0x00000000cce00000, 0x00000000cce00000|100%| E|CS|TAMS 0x00000000ccd00000, 0x00000000ccd00000| Complete 
| 206|0x00000000cce00000, 0x00000000ccf00000, 0x00000000ccf00000|100%| E|CS|TAMS 0x00000000cce00000, 0x00000000cce00000| Complete 
| 207|0x00000000ccf00000, 0x00000000cd000000, 0x00000000cd000000|100%| E|CS|TAMS 0x00000000ccf00000, 0x00000000ccf00000| Complete 
| 208|0x00000000cd000000, 0x00000000cd100000, 0x00000000cd100000|100%| E|CS|TAMS 0x00000000cd000000, 0x00000000cd000000| Complete 
| 209|0x00000000cd100000, 0x00000000cd200000, 0x00000000cd200000|100%| E|CS|TAMS 0x00000000cd100000, 0x00000000cd100000| Complete 
| 210|0x00000000cd200000, 0x00000000cd300000, 0x00000000cd300000|100%| E|CS|TAMS 0x00000000cd200000, 0x00000000cd200000| Complete 
| 211|0x00000000cd300000, 0x00000000cd400000, 0x00000000cd400000|100%| E|CS|TAMS 0x00000000cd300000, 0x00000000cd300000| Complete 
| 212|0x00000000cd400000, 0x00000000cd500000, 0x00000000cd500000|100%| E|CS|TAMS 0x00000000cd400000, 0x00000000cd400000| Complete 
| 213|0x00000000cd500000, 0x00000000cd600000, 0x00000000cd600000|100%| E|CS|TAMS 0x00000000cd500000, 0x00000000cd500000| Complete 
| 214|0x00000000cd600000, 0x00000000cd700000, 0x00000000cd700000|100%| E|CS|TAMS 0x00000000cd600000, 0x00000000cd600000| Complete 
| 215|0x00000000cd700000, 0x00000000cd800000, 0x00000000cd800000|100%| E|CS|TAMS 0x00000000cd700000, 0x00000000cd700000| Complete 
| 216|0x00000000cd800000, 0x00000000cd900000, 0x00000000cd900000|100%| E|CS|TAMS 0x00000000cd800000, 0x00000000cd800000| Complete 
| 217|0x00000000cd900000, 0x00000000cda00000, 0x00000000cda00000|100%| E|CS|TAMS 0x00000000cd900000, 0x00000000cd900000| Complete 
| 218|0x00000000cda00000, 0x00000000cdb00000, 0x00000000cdb00000|100%| E|CS|TAMS 0x00000000cda00000, 0x00000000cda00000| Complete 
| 219|0x00000000cdb00000, 0x00000000cdc00000, 0x00000000cdc00000|100%| E|CS|TAMS 0x00000000cdb00000, 0x00000000cdb00000| Complete 
| 220|0x00000000cdc00000, 0x00000000cdd00000, 0x00000000cdd00000|100%| E|CS|TAMS 0x00000000cdc00000, 0x00000000cdc00000| Complete 
| 221|0x00000000cdd00000, 0x00000000cde00000, 0x00000000cde00000|100%| E|CS|TAMS 0x00000000cdd00000, 0x00000000cdd00000| Complete 
| 222|0x00000000cde00000, 0x00000000cdf00000, 0x00000000cdf00000|100%| E|CS|TAMS 0x00000000cde00000, 0x00000000cde00000| Complete 
| 223|0x00000000cdf00000, 0x00000000ce000000, 0x00000000ce000000|100%| E|CS|TAMS 0x00000000cdf00000, 0x00000000cdf00000| Complete 
| 224|0x00000000ce000000, 0x00000000ce100000, 0x00000000ce100000|100%| E|CS|TAMS 0x00000000ce000000, 0x00000000ce000000| Complete 
| 225|0x00000000ce100000, 0x00000000ce200000, 0x00000000ce200000|100%| E|CS|TAMS 0x00000000ce100000, 0x00000000ce100000| Complete 
| 226|0x00000000ce200000, 0x00000000ce300000, 0x00000000ce300000|100%| E|CS|TAMS 0x00000000ce200000, 0x00000000ce200000| Complete 
| 227|0x00000000ce300000, 0x00000000ce400000, 0x00000000ce400000|100%| E|CS|TAMS 0x00000000ce300000, 0x00000000ce300000| Complete 
| 228|0x00000000ce400000, 0x00000000ce500000, 0x00000000ce500000|100%| E|CS|TAMS 0x00000000ce400000, 0x00000000ce400000| Complete 
| 229|0x00000000ce500000, 0x00000000ce600000, 0x00000000ce600000|100%| E|CS|TAMS 0x00000000ce500000, 0x00000000ce500000| Complete 
| 230|0x00000000ce600000, 0x00000000ce700000, 0x00000000ce700000|100%| E|CS|TAMS 0x00000000ce600000, 0x00000000ce600000| Complete 
| 231|0x00000000ce700000, 0x00000000ce800000, 0x00000000ce800000|100%| E|CS|TAMS 0x00000000ce700000, 0x00000000ce700000| Complete 
| 232|0x00000000ce800000, 0x00000000ce900000, 0x00000000ce900000|100%| E|CS|TAMS 0x00000000ce800000, 0x00000000ce800000| Complete 
| 233|0x00000000ce900000, 0x00000000cea00000, 0x00000000cea00000|100%| E|CS|TAMS 0x00000000ce900000, 0x00000000ce900000| Complete 
| 234|0x00000000cea00000, 0x00000000ceb00000, 0x00000000ceb00000|100%| E|CS|TAMS 0x00000000cea00000, 0x00000000cea00000| Complete 
| 235|0x00000000ceb00000, 0x00000000cec00000, 0x00000000cec00000|100%| E|CS|TAMS 0x00000000ceb00000, 0x00000000ceb00000| Complete 
| 236|0x00000000cec00000, 0x00000000ced00000, 0x00000000ced00000|100%| E|CS|TAMS 0x00000000cec00000, 0x00000000cec00000| Complete 
| 237|0x00000000ced00000, 0x00000000cee00000, 0x00000000cee00000|100%| E|CS|TAMS 0x00000000ced00000, 0x00000000ced00000| Complete 
| 238|0x00000000cee00000, 0x00000000cef00000, 0x00000000cef00000|100%| E|CS|TAMS 0x00000000cee00000, 0x00000000cee00000| Complete 
| 239|0x00000000cef00000, 0x00000000cf000000, 0x00000000cf000000|100%| E|CS|TAMS 0x00000000cef00000, 0x00000000cef00000| Complete 
| 240|0x00000000cf000000, 0x00000000cf100000, 0x00000000cf100000|100%| E|CS|TAMS 0x00000000cf000000, 0x00000000cf000000| Complete 
| 241|0x00000000cf100000, 0x00000000cf200000, 0x00000000cf200000|100%| E|CS|TAMS 0x00000000cf100000, 0x00000000cf100000| Complete 
| 242|0x00000000cf200000, 0x00000000cf300000, 0x00000000cf300000|100%| E|CS|TAMS 0x00000000cf200000, 0x00000000cf200000| Complete 
| 243|0x00000000cf300000, 0x00000000cf400000, 0x00000000cf400000|100%| E|CS|TAMS 0x00000000cf300000, 0x00000000cf300000| Complete 
| 244|0x00000000cf400000, 0x00000000cf500000, 0x00000000cf500000|100%| E|CS|TAMS 0x00000000cf400000, 0x00000000cf400000| Complete 
| 245|0x00000000cf500000, 0x00000000cf600000, 0x00000000cf600000|100%| E|CS|TAMS 0x00000000cf500000, 0x00000000cf500000| Complete 
| 246|0x00000000cf600000, 0x00000000cf700000, 0x00000000cf700000|100%| E|CS|TAMS 0x00000000cf600000, 0x00000000cf600000| Complete 
| 247|0x00000000cf700000, 0x00000000cf800000, 0x00000000cf800000|100%| E|CS|TAMS 0x00000000cf700000, 0x00000000cf700000| Complete 
| 248|0x00000000cf800000, 0x00000000cf900000, 0x00000000cf900000|100%| E|CS|TAMS 0x00000000cf800000, 0x00000000cf800000| Complete 
| 249|0x00000000cf900000, 0x00000000cfa00000, 0x00000000cfa00000|100%| E|CS|TAMS 0x00000000cf900000, 0x00000000cf900000| Complete 
| 250|0x00000000cfa00000, 0x00000000cfb00000, 0x00000000cfb00000|100%| E|CS|TAMS 0x00000000cfa00000, 0x00000000cfa00000| Complete 
| 251|0x00000000cfb00000, 0x00000000cfc00000, 0x00000000cfc00000|100%| E|CS|TAMS 0x00000000cfb00000, 0x00000000cfb00000| Complete 
| 252|0x00000000cfc00000, 0x00000000cfd00000, 0x00000000cfd00000|100%| E|CS|TAMS 0x00000000cfc00000, 0x00000000cfc00000| Complete 
| 253|0x00000000cfd00000, 0x00000000cfe00000, 0x00000000cfe00000|100%| E|CS|TAMS 0x00000000cfd00000, 0x00000000cfd00000| Complete 
| 254|0x00000000cfe00000, 0x00000000cff00000, 0x00000000cff00000|100%| E|CS|TAMS 0x00000000cfe00000, 0x00000000cfe00000| Complete 
| 255|0x00000000cff00000, 0x00000000d0000000, 0x00000000d0000000|100%| E|CS|TAMS 0x00000000cff00000, 0x00000000cff00000| Complete 

Card table byte_map: [0x00000236e2610000,0x00000236e2810000] _byte_map_base: 0x00000236e2010000

Marking Bits (Prev, Next): (CMBitMap*) 0x00000236ca5bb2f0, (CMBitMap*) 0x00000236ca5bb2b8
 Prev Bits: [0x00000236e3a10000, 0x00000236e4a10000)
 Next Bits: [0x00000236e2a10000, 0x00000236e3a10000)

Polling page: 0x00000236cbe00000

Metaspace:

Usage:
  Non-class:     38.86 MB capacity,    38.11 MB ( 98%) used,   599.26 KB (  2%) free+waste,   165.69 KB ( <1%) overhead. 
      Class:      4.77 MB capacity,     4.24 MB ( 89%) used,   469.93 KB ( 10%) free+waste,    72.94 KB (  1%) overhead. 
       Both:     43.63 MB capacity,    42.35 MB ( 97%) used,     1.04 MB (  2%) free+waste,   238.62 KB ( <1%) overhead. 

Virtual space:
  Non-class space:       40.00 MB reserved,      39.00 MB ( 98%) committed 
      Class space:        1.00 GB reserved,       4.88 MB ( <1%) committed 
             Both:        1.04 GB reserved,      43.88 MB (  4%) committed 

Chunk freelists:
   Non-Class:  20.00 KB
       Class:  0 bytes
        Both:  20.00 KB

MaxMetaspaceSize: 17179869184.00 GB
CompressedClassSpaceSize: 1.00 GB
Initial GC threshold: 20.80 MB
Current GC threshold: 67.71 MB
CDS: off

CodeHeap 'non-profiled nmethods': size=120064Kb used=3807Kb max_used=3807Kb free=116256Kb
 bounds [0x00000236da8a0000, 0x00000236dac60000, 0x00000236e1de0000]
CodeHeap 'profiled nmethods': size=120000Kb used=19209Kb max_used=19209Kb free=100790Kb
 bounds [0x00000236d3370000, 0x00000236d4640000, 0x00000236da8a0000]
CodeHeap 'non-nmethods': size=5696Kb used=1304Kb max_used=1373Kb free=4392Kb
 bounds [0x00000236d2de0000, 0x00000236d3050000, 0x00000236d3370000]
 total_blobs=7835 nmethods=7251 adapters=494
 compilation: enabled
              stopped_count=0, restarted_count=0
 full_count=0

Compilation events (20 events):
Event: 11.763 Thread 0x00000236e7924000 7394       2       io.ballerina.compiler.syntax.tree.ConstantDeclarationNode::visibilityQualifier (6 bytes)
Event: 11.763 Thread 0x00000236e7924000 nmethod 7394 0x00000236d462e390 code [0x00000236d462e560, 0x00000236d462e818]
Event: 11.763 Thread 0x00000236e7924000 7395       2       io.ballerina.compiler.syntax.tree.ConstantDeclarationNode::typeDescriptor (6 bytes)
Event: 11.764 Thread 0x00000236e7924000 nmethod 7395 0x00000236d462e990 code [0x00000236d462eb60, 0x00000236d462ee18]
Event: 11.764 Thread 0x00000236e7924000 7396       2       org.ballerinalang.model.TreeBuilder::createConstantNode (8 bytes)
Event: 11.764 Thread 0x00000236e7924000 nmethod 7396 0x00000236d462ef90 code [0x00000236d462f180, 0x00000236d462f638]
Event: 11.765 Thread 0x00000236e7924000 7397       2       org.wso2.ballerinalang.compiler.tree.types.BLangFiniteTypeNode::accept (6 bytes)
Event: 11.765 Thread 0x00000236e7924000 nmethod 7397 0x00000236d462f790 code [0x00000236d462f940, 0x00000236d462fa68]
Event: 11.765 Thread 0x00000236e7924000 7398       2       org.wso2.ballerinalang.compiler.parser.NodeCloner::visit (32 bytes)
Event: 11.766 Thread 0x00000236e7924000 nmethod 7398 0x00000236d462fb10 code [0x00000236d462fd20, 0x00000236d4630248]
Event: 11.766 Thread 0x00000236e7924000 7399       2       org.wso2.ballerinalang.compiler.parser.NodeCloner::visit (43 bytes)
Event: 11.766 Thread 0x00000236e7924000 nmethod 7399 0x00000236d4630410 code [0x00000236d4630620, 0x00000236d4630cd8]
Event: 11.767 Thread 0x00000236e7924000 7400       2       io.ballerina.compiler.internal.parser.BallerinaParser::parseVariableDecl (30 bytes)
Event: 11.768 Thread 0x00000236e7924000 nmethod 7400 0x00000236d4630f10 code [0x00000236d4631120, 0x00000236d46313d8]
Event: 11.771 Thread 0x00000236e7924000 7401       2       io.ballerina.compiler.internal.parser.tree.STRecordFieldWithDefaultValueNode::createFacade (11 bytes)
Event: 11.771 Thread 0x00000236e7924000 nmethod 7401 0x00000236d4631790 code [0x00000236d4631940, 0x00000236d4631c58]
Event: 11.772 Thread 0x00000236e7924000 7402       2       io.ballerina.compiler.syntax.tree.RecordFieldWithDefaultValueNode::<init> (8 bytes)
Event: 11.772 Thread 0x00000236e7924000 nmethod 7402 0x00000236d4631d90 code [0x00000236d4631f40, 0x00000236d46321f8]
Event: 11.772 Thread 0x00000236e7924000 7403       2       io.ballerina.compiler.syntax.tree.RecordFieldWithDefaultValueNode::apply (6 bytes)
Event: 11.772 Thread 0x00000236e7924000 nmethod 7403 0x00000236d4632310 code [0x00000236d46324c0, 0x00000236d46325e8]

GC Heap History (20 events):
Event: 2.293 GC heap after
{Heap after GC invocations=3 (full 0):
 garbage-first heap   total 262144K, used 13825K [0x00000000c0000000, 0x0000000100000000)
  region size 1024K, 3 young (3072K), 3 survivors (3072K)
 Metaspace       used 20056K, capacity 20456K, committed 20608K, reserved 1067008K
  class space    used 1947K, capacity 2090K, committed 2176K, reserved 1048576K
}
Event: 2.431 GC heap before
{Heap before GC invocations=3 (full 0):
 garbage-first heap   total 262144K, used 22017K [0x00000000c0000000, 0x0000000100000000)
  region size 1024K, 12 young (12288K), 3 survivors (3072K)
 Metaspace       used 20722K, capacity 21090K, committed 21248K, reserved 1069056K
  class space    used 2043K, capacity 2193K, committed 2304K, reserved 1048576K
}
Event: 2.437 GC heap after
{Heap after GC invocations=4 (full 0):
 garbage-first heap   total 262144K, used 14456K [0x00000000c0000000, 0x0000000100000000)
  region size 1024K, 4 young (4096K), 4 survivors (4096K)
 Metaspace       used 20722K, capacity 21090K, committed 21248K, reserved 1069056K
  class space    used 2043K, capacity 2193K, committed 2304K, reserved 1048576K
}
Event: 3.278 GC heap before
{Heap before GC invocations=5 (full 0):
 garbage-first heap   total 262144K, used 54392K [0x00000000c0000000, 0x0000000100000000)
  region size 1024K, 43 young (44032K), 4 survivors (4096K)
 Metaspace       used 26096K, capacity 26632K, committed 26880K, reserved 1073152K
  class space    used 2833K, capacity 3060K, committed 3072K, reserved 1048576K
}
Event: 3.285 GC heap after
{Heap after GC invocations=6 (full 0):
 garbage-first heap   total 262144K, used 16265K [0x00000000c0000000, 0x0000000100000000)
  region size 1024K, 5 young (5120K), 5 survivors (5120K)
 Metaspace       used 26096K, capacity 26632K, committed 26880K, reserved 1073152K
  class space    used 2833K, capacity 3060K, committed 3072K, reserved 1048576K
}
Event: 5.486 GC heap before
{Heap before GC invocations=6 (full 0):
 garbage-first heap   total 262144K, used 136073K [0x00000000c0000000, 0x0000000100000000)
  region size 1024K, 124 young (126976K), 5 survivors (5120K)
 Metaspace       used 34967K, capacity 35771K, committed 35840K, reserved 1081344K
  class space    used 3724K, capacity 4054K, committed 4096K, reserved 1048576K
}
Event: 5.522 GC heap after
{Heap after GC invocations=7 (full 0):
 garbage-first heap   total 262144K, used 36334K [0x00000000c0000000, 0x0000000100000000)
  region size 1024K, 20 young (20480K), 20 survivors (20480K)
 Metaspace       used 34967K, capacity 35771K, committed 35840K, reserved 1081344K
  class space    used 3724K, capacity 4054K, committed 4096K, reserved 1048576K
}
Event: 6.637 GC heap before
{Heap before GC invocations=8 (full 0):
 garbage-first heap   total 262144K, used 114158K [0x00000000c0000000, 0x0000000100000000)
  region size 1024K, 96 young (98304K), 20 survivors (20480K)
 Metaspace       used 40238K, capacity 41365K, committed 41600K, reserved 1085440K
  class space    used 4201K, capacity 4671K, committed 4736K, reserved 1048576K
}
Event: 6.696 GC heap after
{Heap after GC invocations=9 (full 0):
 garbage-first heap   total 262144K, used 50416K [0x00000000c0000000, 0x0000000100000000)
  region size 1024K, 12 young (12288K), 12 survivors (12288K)
 Metaspace       used 40238K, capacity 41365K, committed 41600K, reserved 1085440K
  class space    used 4201K, capacity 4671K, committed 4736K, reserved 1048576K
}
Event: 7.725 GC heap before
{Heap before GC invocations=10 (full 0):
 garbage-first heap   total 262144K, used 145648K [0x00000000c0000000, 0x0000000100000000)
  region size 1024K, 105 young (107520K), 12 survivors (12288K)
 Metaspace       used 40794K, capacity 42088K, committed 42240K, reserved 1087488K
  class space    used 4271K, capacity 4801K, committed 4864K, reserved 1048576K
}
Event: 7.757 GC heap after
{Heap after GC invocations=11 (full 0):
 garbage-first heap   total 262144K, used 60928K [0x00000000c0000000, 0x0000000100000000)
  region size 1024K, 11 young (11264K), 11 survivors (11264K)
 Metaspace       used 40794K, capacity 42088K, committed 42240K, reserved 1087488K
  class space    used 4271K, capacity 4801K, committed 4864K, reserved 1048576K
}
Event: 8.905 GC heap before
{Heap before GC invocations=11 (full 0):
 garbage-first heap   total 262144K, used 163328K [0x00000000c0000000, 0x0000000100000000)
  region size 1024K, 111 young (113664K), 11 survivors (11264K)
 Metaspace       used 41892K, capacity 43162K, committed 43264K, reserved 1087488K
  class space    used 4293K, capacity 4828K, committed 4864K, reserved 1048576K
}
Event: 8.931 GC heap after
{Heap after GC invocations=12 (full 0):
 garbage-first heap   total 262144K, used 73216K [0x00000000c0000000, 0x0000000100000000)
  region size 1024K, 14 young (14336K), 14 survivors (14336K)
 Metaspace       used 41892K, capacity 43162K, committed 43264K, reserved 1087488K
  class space    used 4293K, capacity 4828K, committed 4864K, reserved 1048576K
}
Event: 9.920 GC heap before
{Heap before GC invocations=12 (full 0):
 garbage-first heap   total 262144K, used 172544K [0x00000000c0000000, 0x0000000100000000)
  region size 1024K, 112 young (114688K), 14 survivors (14336K)
 Metaspace       used 42727K, capacity 44042K, committed 44160K, reserved 1089536K
  class space    used 4338K, capacity 4880K, committed 4992K, reserved 1048576K
}
Event: 9.947 GC heap after
{Heap after GC invocations=13 (full 0):
 garbage-first heap   total 262144K, used 87040K [0x00000000c0000000, 0x0000000100000000)
  region size 1024K, 13 young (13312K), 13 survivors (13312K)
 Metaspace       used 42727K, capacity 44042K, committed 44160K, reserved 1089536K
  class space    used 4338K, capacity 4880K, committed 4992K, reserved 1048576K
}
Event: 10.721 GC heap before
{Heap before GC invocations=13 (full 0):
 garbage-first heap   total 262144K, used 183296K [0x00000000c0000000, 0x0000000100000000)
  region size 1024K, 108 young (110592K), 13 survivors (13312K)
 Metaspace       used 43034K, capacity 44404K, committed 44672K, reserved 1089536K
  class space    used 4340K, capacity 4885K, committed 4992K, reserved 1048576K
}
Event: 10.734 GC heap after
{Heap after GC invocations=14 (full 0):
 garbage-first heap   total 262144K, used 86528K [0x00000000c0000000, 0x0000000100000000)
  region size 1024K, 9 young (9216K), 9 survivors (9216K)
 Metaspace       used 43034K, capacity 44404K, committed 44672K, reserved 1089536K
  class space    used 4340K, capacity 4885K, committed 4992K, reserved 1048576K
}
Event: 11.451 GC heap before
{Heap before GC invocations=14 (full 0):
 garbage-first heap   total 262144K, used 184832K [0x00000000c0000000, 0x0000000100000000)
  region size 1024K, 106 young (108544K), 9 survivors (9216K)
 Metaspace       used 43225K, capacity 44542K, committed 44672K, reserved 1089536K
  class space    used 4343K, capacity 4886K, committed 4992K, reserved 1048576K
}
Event: 11.472 GC heap after
{Heap after GC invocations=15 (full 0):
 garbage-first heap   total 262144K, used 102302K [0x00000000c0000000, 0x0000000100000000)
  region size 1024K, 14 young (14336K), 14 survivors (14336K)
 Metaspace       used 43225K, capacity 44542K, committed 44672K, reserved 1089536K
  class space    used 4343K, capacity 4886K, committed 4992K, reserved 1048576K
}
Event: 11.776 GC heap before
{Heap before GC invocations=15 (full 0):
 garbage-first heap   total 262144K, used 193438K [0x00000000c0000000, 0x0000000100000000)
  region size 1024K, 103 young (105472K), 14 survivors (14336K)
 Metaspace       used 43367K, capacity 44675K, committed 44928K, reserved 1089536K
  class space    used 4344K, capacity 4887K, committed 4992K, reserved 1048576K
}

Deoptimization events (20 events):
Event: 11.616 Thread 0x00000236f1591800 DEOPT PACKING pc=0x00000236d403907b sp=0x000000772e8fe4c0
Event: 11.616 Thread 0x00000236f1591800 DEOPT UNPACKING pc=0x00000236d2e2a95e sp=0x000000772e8fda90 mode 0
Event: 11.621 Thread 0x00000236f1591800 DEOPT PACKING pc=0x00000236d403907b sp=0x000000772e8fe4c0
Event: 11.621 Thread 0x00000236f1591800 DEOPT UNPACKING pc=0x00000236d2e2a95e sp=0x000000772e8fda90 mode 0
Event: 11.652 Thread 0x00000236f1591800 Uncommon trap: trap_request=0xffffffbe fr.pc=0x00000236dac51d90 relative=0x0000000000005610
Event: 11.652 Thread 0x00000236f1591800 Uncommon trap: reason=profile_predicate action=maybe_recompile pc=0x00000236dac51d90 method=io.ballerina.compiler.internal.parser.BallerinaLexer.processNumericLiteral(I)Lio/ballerina/compiler/internal/parser/tree/STToken; @ 28 c2
Event: 11.652 Thread 0x00000236f1591800 DEOPT PACKING pc=0x00000236dac51d90 sp=0x000000772e8fb350
Event: 11.652 Thread 0x00000236f1591800 DEOPT UNPACKING pc=0x00000236d2e2a1af sp=0x000000772e8fb2d0 mode 2
Event: 11.653 Thread 0x00000236f1591800 Uncommon trap: trap_request=0xffffffbe fr.pc=0x00000236dac51d90 relative=0x0000000000005610
Event: 11.653 Thread 0x00000236f1591800 Uncommon trap: reason=profile_predicate action=maybe_recompile pc=0x00000236dac51d90 method=io.ballerina.compiler.internal.parser.BallerinaLexer.processNumericLiteral(I)Lio/ballerina/compiler/internal/parser/tree/STToken; @ 28 c2
Event: 11.653 Thread 0x00000236f1591800 DEOPT PACKING pc=0x00000236dac51d90 sp=0x000000772e8fbea0
Event: 11.653 Thread 0x00000236f1591800 DEOPT UNPACKING pc=0x00000236d2e2a1af sp=0x000000772e8fbe20 mode 2
Event: 11.659 Thread 0x00000236f1591800 Uncommon trap: trap_request=0xffffffbe fr.pc=0x00000236dac51d90 relative=0x0000000000005610
Event: 11.659 Thread 0x00000236f1591800 Uncommon trap: reason=profile_predicate action=maybe_recompile pc=0x00000236dac51d90 method=io.ballerina.compiler.internal.parser.BallerinaLexer.processNumericLiteral(I)Lio/ballerina/compiler/internal/parser/tree/STToken; @ 28 c2
Event: 11.659 Thread 0x00000236f1591800 DEOPT PACKING pc=0x00000236dac51d90 sp=0x000000772e8fcd10
Event: 11.659 Thread 0x00000236f1591800 DEOPT UNPACKING pc=0x00000236d2e2a1af sp=0x000000772e8fcc90 mode 2
Event: 11.659 Thread 0x00000236f1591800 Uncommon trap: trap_request=0xffffffbe fr.pc=0x00000236dac51d90 relative=0x0000000000005610
Event: 11.659 Thread 0x00000236f1591800 Uncommon trap: reason=profile_predicate action=maybe_recompile pc=0x00000236dac51d90 method=io.ballerina.compiler.internal.parser.BallerinaLexer.processNumericLiteral(I)Lio/ballerina/compiler/internal/parser/tree/STToken; @ 28 c2
Event: 11.659 Thread 0x00000236f1591800 DEOPT PACKING pc=0x00000236dac51d90 sp=0x000000772e8fc9f0
Event: 11.659 Thread 0x00000236f1591800 DEOPT UNPACKING pc=0x00000236d2e2a1af sp=0x000000772e8fc970 mode 2

Classes redefined (0 events):
No events

Internal exceptions (20 events):
Event: 11.087 Thread 0x00000236f1591800 Exception <a 'sun/nio/fs/WindowsException'{0x00000000cf7ae0b0}> (0x00000000cf7ae0b0) thrown at [./src/hotspot/share/prims/jni.cpp, line 617]
Event: 11.089 Thread 0x00000236f1591800 Exception <a 'sun/nio/fs/WindowsException'{0x00000000cf7bd1e0}> (0x00000000cf7bd1e0) thrown at [./src/hotspot/share/prims/jni.cpp, line 617]
Event: 11.089 Thread 0x00000236f1591800 Exception <a 'sun/nio/fs/WindowsException'{0x00000000cf7bd5b8}> (0x00000000cf7bd5b8) thrown at [./src/hotspot/share/prims/jni.cpp, line 617]
Event: 11.090 Thread 0x00000236f1591800 Exception <a 'sun/nio/fs/WindowsException'{0x00000000cf7d9438}> (0x00000000cf7d9438) thrown at [./src/hotspot/share/prims/jni.cpp, line 617]
Event: 11.090 Thread 0x00000236f1591800 Exception <a 'sun/nio/fs/WindowsException'{0x00000000cf7d9768}> (0x00000000cf7d9768) thrown at [./src/hotspot/share/prims/jni.cpp, line 617]
Event: 11.090 Thread 0x00000236f1591800 Exception <a 'sun/nio/fs/WindowsException'{0x00000000cf7da5e8}> (0x00000000cf7da5e8) thrown at [./src/hotspot/share/prims/jni.cpp, line 617]
Event: 11.091 Thread 0x00000236f1591800 Exception <a 'sun/nio/fs/WindowsException'{0x00000000cf7daab0}> (0x00000000cf7daab0) thrown at [./src/hotspot/share/prims/jni.cpp, line 617]
Event: 11.091 Thread 0x00000236f1591800 Exception <a 'sun/nio/fs/WindowsException'{0x00000000cf7e4020}> (0x00000000cf7e4020) thrown at [./src/hotspot/share/prims/jni.cpp, line 617]
Event: 11.091 Thread 0x00000236f1591800 Exception <a 'sun/nio/fs/WindowsException'{0x00000000cf7e4440}> (0x00000000cf7e4440) thrown at [./src/hotspot/share/prims/jni.cpp, line 617]
Event: 11.091 Thread 0x00000236f1591800 Exception <a 'sun/nio/fs/WindowsException'{0x00000000cf7e5208}> (0x00000000cf7e5208) thrown at [./src/hotspot/share/prims/jni.cpp, line 617]
Event: 11.091 Thread 0x00000236f1591800 Exception <a 'sun/nio/fs/WindowsException'{0x00000000cf7e5598}> (0x00000000cf7e5598) thrown at [./src/hotspot/share/prims/jni.cpp, line 617]
Event: 11.092 Thread 0x00000236f1591800 Exception <a 'sun/nio/fs/WindowsException'{0x00000000cf7f88d8}> (0x00000000cf7f88d8) thrown at [./src/hotspot/share/prims/jni.cpp, line 617]
Event: 11.094 Thread 0x00000236f1591800 Exception <a 'sun/nio/fs/WindowsException'{0x00000000cf60a3f0}> (0x00000000cf60a3f0) thrown at [./src/hotspot/share/prims/jni.cpp, line 617]
Event: 11.094 Thread 0x00000236f1591800 Exception <a 'sun/nio/fs/WindowsException'{0x00000000cf60a7c8}> (0x00000000cf60a7c8) thrown at [./src/hotspot/share/prims/jni.cpp, line 617]
Event: 11.127 Thread 0x00000236f1591800 Exception <a 'sun/nio/fs/WindowsException'{0x00000000ce9f05a8}> (0x00000000ce9f05a8) thrown at [./src/hotspot/share/prims/jni.cpp, line 617]
Event: 11.127 Thread 0x00000236f1591800 Exception <a 'sun/nio/fs/WindowsException'{0x00000000ce9f0968}> (0x00000000ce9f0968) thrown at [./src/hotspot/share/prims/jni.cpp, line 617]
Event: 11.260 Thread 0x00000236f1591800 Exception <a 'sun/nio/fs/WindowsException'{0x00000000cd03e2b8}> (0x00000000cd03e2b8) thrown at [./src/hotspot/share/prims/jni.cpp, line 617]
Event: 11.260 Thread 0x00000236f1591800 Exception <a 'sun/nio/fs/WindowsException'{0x00000000cd03e6a8}> (0x00000000cd03e6a8) thrown at [./src/hotspot/share/prims/jni.cpp, line 617]
Event: 11.270 Thread 0x00000236f1591800 Exception <a 'sun/nio/fs/WindowsException'{0x00000000ccff6118}> (0x00000000ccff6118) thrown at [./src/hotspot/share/prims/jni.cpp, line 617]
Event: 11.270 Thread 0x00000236f1591800 Exception <a 'sun/nio/fs/WindowsException'{0x00000000ccff64d8}> (0x00000000ccff64d8) thrown at [./src/hotspot/share/prims/jni.cpp, line 617]

Events (20 events):
Event: 10.734 Executing VM operation: BulkRevokeBias done
Event: 11.266 loading class org/wso2/ballerinalang/compiler/semantics/analyzer/TypeResolver$ResolverData
Event: 11.266 loading class org/wso2/ballerinalang/compiler/semantics/analyzer/TypeResolver$ResolverData done
Event: 11.266 loading class org/wso2/ballerinalang/compiler/tree/types/BLangType
Event: 11.266 loading class org/wso2/ballerinalang/compiler/tree/types/BLangType done
Event: 11.266 loading class org/wso2/ballerinalang/compiler/semantics/analyzer/TypeResolver
Event: 11.266 loading class org/wso2/ballerinalang/compiler/semantics/analyzer/TypeResolver done
Event: 11.306 loading class java/lang/CharacterData00
Event: 11.306 loading class java/lang/CharacterData00 done
Event: 11.306 Executing VM operation: Deoptimize
Event: 11.307 Executing VM operation: Deoptimize done
Event: 11.451 Executing VM operation: G1CollectForAllocation
Event: 11.472 Executing VM operation: G1CollectForAllocation done
Event: 11.604 loading class org/wso2/ballerinalang/compiler/tree/expressions/BLangReCapturingGroups
Event: 11.604 loading class org/wso2/ballerinalang/compiler/tree/expressions/BLangReCapturingGroups done
Event: 11.604 loading class io/ballerina/compiler/syntax/tree/ReFlagExpressionNode
Event: 11.604 loading class io/ballerina/compiler/syntax/tree/ReFlagExpressionNode done
Event: 11.604 loading class org/wso2/ballerinalang/compiler/parser/BLangNodeBuilder
Event: 11.604 loading class org/wso2/ballerinalang/compiler/parser/BLangNodeBuilder done
Event: 11.776 Executing VM operation: G1CollectForAllocation


Dynamic libraries:
0x00007ff7c3040000 - 0x00007ff7c304d000 	C:\PROGRA~1\BALLER~1\dependencies\jdk-11.0.18+10-jre\bin\java.exe
0x00007ff92b830000 - 0x00007ff92ba47000 	C:\WINDOWS\SYSTEM32\ntdll.dll
0x00007ff929e20000 - 0x00007ff929ee4000 	C:\WINDOWS\System32\KERNEL32.DLL
0x00007ff928f80000 - 0x00007ff929326000 	C:\WINDOWS\System32\KERNELBASE.dll
0x00007ff928bb0000 - 0x00007ff928cc1000 	C:\WINDOWS\System32\ucrtbase.dll
0x00007ff914700000 - 0x00007ff914719000 	C:\PROGRA~1\BALLER~1\dependencies\jdk-11.0.18+10-jre\bin\VCRUNTIME140.dll
0x00007ff915090000 - 0x00007ff9150a7000 	C:\PROGRA~1\BALLER~1\dependencies\jdk-11.0.18+10-jre\bin\jli.dll
0x00007ff92a850000 - 0x00007ff92a9fd000 	C:\WINDOWS\System32\USER32.dll
0x00007ff916af0000 - 0x00007ff916d83000 	C:\WINDOWS\WinSxS\amd64_microsoft.windows.common-controls_6595b64144ccf1df_6.0.22621.2361_none_2712ced57382f843\COMCTL32.dll
0x00007ff928f50000 - 0x00007ff928f76000 	C:\WINDOWS\System32\win32u.dll
0x00007ff92b640000 - 0x00007ff92b6e7000 	C:\WINDOWS\System32\msvcrt.dll
0x00007ff929cd0000 - 0x00007ff929cf9000 	C:\WINDOWS\System32\GDI32.dll
0x00007ff9293b0000 - 0x00007ff9294c8000 	C:\WINDOWS\System32\gdi32full.dll
0x00007ff928eb0000 - 0x00007ff928f4a000 	C:\WINDOWS\System32\msvcp_win.dll
0x00007ff92a090000 - 0x00007ff92a0c1000 	C:\WINDOWS\System32\IMM32.DLL
0x00007ff91ae80000 - 0x00007ff91ae8c000 	C:\PROGRA~1\BALLER~1\dependencies\jdk-11.0.18+10-jre\bin\vcruntime140_1.dll
0x00007ff901520000 - 0x00007ff9015b1000 	C:\PROGRA~1\BALLER~1\dependencies\jdk-11.0.18+10-jre\bin\msvcp140.dll
0x00007ff8ac2c0000 - 0x00007ff8ace7a000 	C:\PROGRA~1\BALLER~1\dependencies\jdk-11.0.18+10-jre\bin\server\jvm.dll
0x00007ff92aa10000 - 0x00007ff92aac0000 	C:\WINDOWS\System32\ADVAPI32.dll
0x00007ff929b30000 - 0x00007ff929bd6000 	C:\WINDOWS\System32\sechost.dll
0x00007ff929d00000 - 0x00007ff929e17000 	C:\WINDOWS\System32\RPCRT4.dll
0x00007ff92b630000 - 0x00007ff92b638000 	C:\WINDOWS\System32\PSAPI.DLL
0x00007ff91a370000 - 0x00007ff91a379000 	C:\WINDOWS\SYSTEM32\WSOCK32.dll
0x00007ff920c30000 - 0x00007ff920c64000 	C:\WINDOWS\SYSTEM32\WINMM.dll
0x00007ff91e6d0000 - 0x00007ff91e6da000 	C:\WINDOWS\SYSTEM32\VERSION.dll
0x00007ff92a560000 - 0x00007ff92a5d1000 	C:\WINDOWS\System32\WS2_32.dll
0x00007ff927b50000 - 0x00007ff927b68000 	C:\WINDOWS\SYSTEM32\kernel.appcore.dll
0x00007ff91ae30000 - 0x00007ff91ae40000 	C:\PROGRA~1\BALLER~1\dependencies\jdk-11.0.18+10-jre\bin\verify.dll
0x00007ff9139f0000 - 0x00007ff913c1e000 	C:\WINDOWS\SYSTEM32\DBGHELP.DLL
0x00007ff929590000 - 0x00007ff92991a000 	C:\WINDOWS\System32\combase.dll
0x00007ff92ac60000 - 0x00007ff92ad37000 	C:\WINDOWS\System32\OLEAUT32.dll
0x00007ff90c820000 - 0x00007ff90c852000 	C:\WINDOWS\SYSTEM32\dbgcore.DLL
0x00007ff929330000 - 0x00007ff9293aa000 	C:\WINDOWS\System32\bcryptPrimitives.dll
0x00007ff904410000 - 0x00007ff904438000 	C:\PROGRA~1\BALLER~1\dependencies\jdk-11.0.18+10-jre\bin\java.dll
0x00007ff919830000 - 0x00007ff91983a000 	C:\PROGRA~1\BALLER~1\dependencies\jdk-11.0.18+10-jre\bin\jimage.dll
0x00007ff90d740000 - 0x00007ff90d758000 	C:\PROGRA~1\BALLER~1\dependencies\jdk-11.0.18+10-jre\bin\zip.dll
0x00007ff92add0000 - 0x00007ff92b628000 	C:\WINDOWS\System32\SHELL32.dll
0x00007ff926ac0000 - 0x00007ff9273b2000 	C:\WINDOWS\SYSTEM32\windows.storage.dll
0x00007ff926980000 - 0x00007ff926abe000 	C:\WINDOWS\SYSTEM32\wintypes.dll
0x00007ff92b6f0000 - 0x00007ff92b7e3000 	C:\WINDOWS\System32\SHCORE.dll
0x00007ff929be0000 - 0x00007ff929c3e000 	C:\WINDOWS\System32\shlwapi.dll
0x00007ff928ae0000 - 0x00007ff928b06000 	C:\WINDOWS\SYSTEM32\profapi.dll
0x00007ff907cd0000 - 0x00007ff907ce9000 	C:\Program Files\Ballerina\dependencies\jdk-11.0.18+10-jre\bin\net.dll
0x00007ff921bd0000 - 0x00007ff921d07000 	C:\WINDOWS\SYSTEM32\WINHTTP.dll
0x00007ff928050000 - 0x00007ff9280b9000 	C:\WINDOWS\system32\mswsock.dll
0x00007ff907b60000 - 0x00007ff907b73000 	C:\Program Files\Ballerina\dependencies\jdk-11.0.18+10-jre\bin\nio.dll
0x00007ff927690000 - 0x00007ff927789000 	C:\WINDOWS\SYSTEM32\DNSAPI.dll
0x00007ff927660000 - 0x00007ff92768d000 	C:\WINDOWS\SYSTEM32\IPHLPAPI.DLL
0x00007ff92aa00000 - 0x00007ff92aa09000 	C:\WINDOWS\System32\NSI.dll
0x00007ff916030000 - 0x00007ff91603a000 	C:\Windows\System32\rasadhlp.dll
0x00007ff920830000 - 0x00007ff9208b4000 	C:\WINDOWS\System32\fwpuclnt.dll
0x00007ff9197e0000 - 0x00007ff9197e9000 	C:\Program Files\Ballerina\dependencies\jdk-11.0.18+10-jre\bin\management.dll
0x00007ff919660000 - 0x00007ff91966b000 	C:\Program Files\Ballerina\dependencies\jdk-11.0.18+10-jre\bin\management_ext.dll
0x00007ff9282c0000 - 0x00007ff9282db000 	C:\WINDOWS\SYSTEM32\CRYPTSP.dll
0x00007ff927b10000 - 0x00007ff927b45000 	C:\WINDOWS\system32\rsaenh.dll
0x00007ff928160000 - 0x00007ff92818c000 	C:\WINDOWS\SYSTEM32\USERENV.dll
0x00007ff928480000 - 0x00007ff9284a8000 	C:\WINDOWS\SYSTEM32\bcrypt.dll
0x00007ff9282e0000 - 0x00007ff9282ec000 	C:\WINDOWS\SYSTEM32\CRYPTBASE.dll
0x00007ff9227c0000 - 0x00007ff9227d9000 	C:\WINDOWS\SYSTEM32\dhcpcsvc6.DLL
0x00007ff9227a0000 - 0x00007ff9227bf000 	C:\WINDOWS\SYSTEM32\dhcpcsvc.DLL
0x00007ff8e2090000 - 0x00007ff8e20a7000 	C:\WINDOWS\system32\napinsp.dll
0x00007ff8e2070000 - 0x00007ff8e208b000 	C:\WINDOWS\system32\pnrpnsp.dll
0x00007ff8e2050000 - 0x00007ff8e2061000 	C:\WINDOWS\System32\winrnr.dll
0x00007ff9208c0000 - 0x00007ff9208d5000 	C:\WINDOWS\system32\wshbth.dll
0x00007ff8f1980000 - 0x00007ff8f19a1000 	C:\WINDOWS\system32\nlansp_c.dll

dbghelp: loaded successfully - version: 4.0.5 - missing functions: none
symbol engine: initialized successfully - sym options: 0x614 - pdb path: .;C:\PROGRA~1\BALLER~1\dependencies\jdk-11.0.18+10-jre\bin;C:\WINDOWS\SYSTEM32;C:\WINDOWS\WinSxS\amd64_microsoft.windows.common-controls_6595b64144ccf1df_6.0.22621.2361_none_2712ced57382f843;C:\PROGRA~1\BALLER~1\dependencies\jdk-11.0.18+10-jre\bin\server;C:\Program Files\Ballerina\dependencies\jdk-11.0.18+10-jre\bin

VM Arguments:
jvm_args: -Xbootclasspath/a: -Xms256m -Xmx1024m -XX:+HeapDumpOnOutOfMemoryError -Dcom.sun.management.jmxremote -Dballerina.home=C:\PROGRA~1\BALLER~1\DISTRI~1\BALLER~1.2\bin\.. -Dballerina.target=jvm -Djava.command=C:\PROGRA~1\BALLER~1\DISTRI~1\BALLER~1.2\bin\..\..\..\dependencies\jdk-11.0.18+10-jre\bin\java -Djava.opts= -Denable.nonblocking=false -Dfile.encoding=UTF8 -Dballerina.version=2201.7.2 
java_command: io.ballerina.cli.launcher.Main start-language-server
java_class_path (initial): .\bre\lib\bootstrap;;C:\PROGRA~1\BALLER~1\DISTRI~1\BALLER~1.2\bin\..\..\..\dependencies\jdk-11.0.18+10-jre\lib\tools.jar;C:\PROGRA~1\BALLER~1\DISTRI~1\BALLER~1.2\bin\..\bre\lib\annotations-2201.7.2.jar;C:\PROGRA~1\BALLER~1\DISTRI~1\BALLER~1.2\bin\..\bre\lib\architecture-model-generator-core-1.2.0.jar;C:\PROGRA~1\BALLER~1\DISTRI~1\BALLER~1.2\bin\..\bre\lib\architecture-model-generator-plugin-1.2.0.jar;C:\PROGRA~1\BALLER~1\DISTRI~1\BALLER~1.2\bin\..\bre\lib\array-2201.7.2.jar;C:\PROGRA~1\BALLER~1\DISTRI~1\BALLER~1.2\bin\..\bre\lib\asm-7.2.jar;C:\PROGRA~1\BALLER~1\DISTRI~1\BALLER~1.2\bin\..\bre\lib\asm-analysis-7.1.jar;C:\PROGRA~1\BALLER~1\DISTRI~1\BALLER~1.2\bin\..\bre\lib\asm-commons-7.2.jar;C:\PROGRA~1\BALLER~1\DISTRI~1\BALLER~1.2\bin\..\bre\lib\asm-tree-7.2.jar;C:\PROGRA~1\BALLER~1\DISTRI~1\BALLER~1.2\bin\..\bre\lib\asm-util-7.1.jar;C:\PROGRA~1\BALLER~1\DISTRI~1\BALLER~1.2\bin\..\bre\lib\asyncapi-cli-0.6.0.jar;C:\PROGRA~1\BALLER~1\DISTRI~1\BALLER~1.2\bin\..\bre\lib\atomikos-util-5.0.8.jar;C:\PROGRA~1\BALLER~1\DISTRI~1\BALLER~1.2\bin\..\bre\lib\axiom-api-1.4.0.jar;C:\PROGRA~1\BALLER~1\DISTRI~1\BALLER~1.2\bin\..\bre\lib\axiom-impl-1.4.0.jar;C:\PROGRA~1\BALLER~1\DISTRI~1\BALLER~1.2\bin\..\bre\lib\ballerina-bindgen-2201.7.2.jar;C:\PROGRA~1\BALLER~1\DISTRI~1\BALLER~1.2\bin\..\bre\lib\ballerina-cli-2201.7.2.jar;C:\PROGRA~1\BALLER~1\DISTRI~1\BALLER~1.2\bin\..\bre\lib\ballerina-io-internal-2201.7.2.jar;C:\PROGRA~1\BALLER~1\DISTRI~1\BALLER~1.2\bin\..\bre\lib\ballerina-lang-2201.7.2.jar;C:\PROGRA~1\BALLER~1\DISTRI~1\BALLER~1.2\bin\..\bre\lib\ballerina-linter-2201.7.2.jar;C:\PROGRA~1\BALLER~1\DISTRI~1\BALLER~1.2\bin\..\bre\lib\ballerina-metrics-extension-2201.7.2.jar;C:\PROGRA~1\BALLER~1\DISTRI~1\BALLER~1.2\bin\..\bre\lib\ballerina-parser-2201.7.2.jar;C:\PROGRA~1\BALLER~1\DISTRI~1\BALLER~1.2\bin\..\bre\lib\ballerina-rt-2201.7.2.jar;C:\PROGRA~1\BALLER~1\DISTRI~1\BALLER~1.2\bin\..\bre\lib\ballerina-tools-api-2201.7.2.jar;C:\PROGRA~1\BALLER~1\DISTRI~
Launcher Type: SUN_STANDARD

[Global flags]
     intx CICompilerCount                          = 3                                         {product} {ergonomic}
     uint ConcGCThreads                            = 1                                         {product} {ergonomic}
     uint G1ConcRefinementThreads                  = 4                                         {product} {ergonomic}
   size_t G1HeapRegionSize                         = 1048576                                   {product} {ergonomic}
    uintx GCDrainStackTargetSize                   = 64                                        {product} {ergonomic}
     bool HeapDumpOnOutOfMemoryError               = true                                   {manageable} {command line}
   size_t InitialHeapSize                          = 268435456                                 {product} {command line}
     bool ManagementServer                         = true                                      {product} {command line}
   size_t MarkStackSize                            = 4194304                                   {product} {ergonomic}
   size_t MaxHeapSize                              = 1073741824                                {product} {command line}
   size_t MaxNewSize                               = 643825664                                 {product} {ergonomic}
   size_t MinHeapDeltaBytes                        = 1048576                                   {product} {ergonomic}
    uintx NonNMethodCodeHeapSize                   = 5830732                                {pd product} {ergonomic}
    uintx NonProfiledCodeHeapSize                  = 122913754                              {pd product} {ergonomic}
    uintx ProfiledCodeHeapSize                     = 122913754                              {pd product} {ergonomic}
    uintx ReservedCodeCacheSize                    = 251658240                              {pd product} {ergonomic}
     bool SegmentedCodeCache                       = true                                      {product} {ergonomic}
     bool UseCompressedClassPointers               = true                                 {lp64_product} {ergonomic}
     bool UseCompressedOops                        = true                                 {lp64_product} {ergonomic}
     bool UseG1GC                                  = true                                      {product} {ergonomic}
     bool UseLargePagesIndividualAllocation        = false                                  {pd product} {ergonomic}

Logging:
Log output configuration:
 #0: stdout all=warning uptime,level,tags
 #1: stderr all=off uptime,level,tags

Environment Variables:
JAVA_HOME=C:\PROGRA~1\BALLER~1\DISTRI~1\BALLER~1.2\bin\..\..\..\dependencies\jdk-11.0.18+10-jre
PATH=C:\Program Files\Common Files\Oracle\Java\javapath;C:\WINDOWS\system32;C:\WINDOWS;C:\WINDOWS\System32\Wbem;C:\WINDOWS\System32\WindowsPowerShell\v1.0\;C:\WINDOWS\System32\OpenSSH\;C:\Program Files\Git\cmd;C:\Program Files\nodejs\;C:\Program Files\Docker\Docker\resources\bin;C:\Program Files\Ballerina\\bin;C:\Program Files\dotnet\;C:\Program Files (x86)\Java\jre-1.8\bin;C:\Program Files\Ballerina\bin;C:\Users\piono\AppData\Local\Programs\Python\Python311\Scripts\;C:\Users\piono\AppData\Local\Programs\Python\Python311\;C:\Users\piono\AppData\Local\Microsoft\WindowsApps;C:\Users\piono\AppData\Local\Programs\Microsoft VS Code\bin;C:\Flutter\bin;C:\Users\piono\AppData\Roaming\npm;C:\Users\piono\AppData\Local\Microsoft\WinGet\Packages\JernejSimoncic.Wget_Microsoft.Winget.Source_8wekyb3d8bbwe;C:\Windows\SysWow64\;
USERNAME=piono
OS=Windows_NT
PROCESSOR_IDENTIFIER=Intel64 Family 6 Model 142 Stepping 12, GenuineIntel
TMP=C:\Users\piono\AppData\Local\Temp
TEMP=C:\Users\piono\AppData\Local\Temp



---------------  S Y S T E M  ---------------

OS: Windows 11 , 64 bit Build 22621 (10.0.22621.2428)
OS uptime: 1 days 1:28 hours
Hyper-V role detected

CPU:total 4 (initial active 4) (2 cores per cpu, 2 threads per core) family 6 model 142 stepping 12 microcode 0xea, cmov, cx8, fxsr, mmx, sse, sse2, sse3, ssse3, sse4.1, sse4.2, popcnt, avx, avx2, aes, clmul, erms, 3dnowpref, lzcnt, ht, tsc, tscinvbit, bmi1, bmi2, adx, fma

Memory: 4k page, system-wide physical 8027M (400M free)
TotalPageFile size 31342M (AvailPageFile size 1565M)
current process WorkingSet (physical memory assigned to process): 402M, peak: 402M
current process commit charge ("private bytes"): 444M, peak: 474M

vm_info: OpenJDK 64-Bit Server VM (11.0.18+10) for windows-amd64 JRE (11.0.18+10), built on Jan 18 2023 04:27:27 by "" with MS VC++ 16.7 (VS2019)

END.
